#
# A fatal error has been detected by the Java Runtime Environment:
#
#  SIGSEGV (0xb) at pc=0x000000010d97ded5, pid=86801, tid=0x0000000000001d07
#
# JRE version: Java(TM) SE Runtime Environment (8.0_181-b13) (build 1.8.0_181-b13)
# Java VM: Dynamic Code Evolution 64-Bit Server VM (25.71-b01-dcevmlight-26 mixed mode bsd-amd64 compressed oops)
# Problematic frame:
# V  [libjvm.dylib+0x17ded5]  ConstantPool::klass_name_at(int)+0xd
#
# Failed to write core dump. Core dumps have been disabled. To enable core dumping, try "ulimit -c unlimited" before starting Java again
#
# If you would like to submit a bug report, please visit:
#   https://github.com/dcevm/dcevm/issues
#

---------------  T H R E A D  ---------------

Current thread (0x00007f888600f000):  VMThread [stack: 0x0000700009e1f000,0x0000700009f1f000] [id=7431]

siginfo: si_signo: 11 (SIGSEGV), si_code: 1 (SEGV_MAPERR), si_addr: 0x0000000000000010

Registers:
RAX=0x0000000000000000, RBX=0x0000000000000100, RCX=0x0000000000000010, RDX=0x0000000000000000
RSP=0x0000700009f1e820, RBP=0x0000700009f1e820, RSI=0x0000000000000000, RDI=0x000000012a681e18
R8 =0x00007f8885005460, R9 =0x00007f888600f000, R10=0x00007f888600f000, R11=0x0000000000000002
R12=0x0000000000000000, R13=0x000000010c75c0b0, R14=0x00000000000000b7, R15=0x0000000114d168f8
RIP=0x000000010d97ded5, EFLAGS=0x0000000000010246, ERR=0x0000000000000004
  TRAPNO=0x000000000000000e

Top of Stack: (sp=0x0000700009f1e820)
0x0000700009f1e820:   0000700009f1e8c0 000000010db5dbb3
0x0000700009f1e830:   0000000000000000 000000012ab2f188
0x0000700009f1e840:   000000012ab2f188 0000700009f1e860
0x0000700009f1e850:   0000700009f1e880 000000010db5d494
0x0000700009f1e860:   000000012ab2f188 00007f888600f000
0x0000700009f1e870:   0000700009f1e910 0000700009f1e8e0
0x0000700009f1e880:   0000700009f1e8c0 000000010da142e5
0x0000700009f1e890:   0000000000000002 0000700009f1e910
0x0000700009f1e8a0:   0000700009f1e8e0 00000000000000b7
0x0000700009f1e8b0:   0000700009f1e8d0 0000000114d168f8
0x0000700009f1e8c0:   0000700009f1e970 000000010db5e459
0x0000700009f1e8d0:   000000012ab2f188 00007f888600f000
0x0000700009f1e8e0:   0000000000000028 0000000114d16940
0x0000700009f1e8f0:   00007f888600f000 0000000400000001
0x0000700009f1e900:   000000b700000005 000000b72a940000
0x0000700009f1e910:   0000000114d16940 000000012ab2f188
0x0000700009f1e920:   00007f888600f000 0000000400000001
0x0000700009f1e930:   000000b700000005 000000b700000000
0x0000700009f1e940:   0000700009f1e950 0000000114d16940
0x0000700009f1e950:   0000700009f1e9b8 00000007c144cc88
0x0000700009f1e960:   0000000000000000 0000000000000000
0x0000700009f1e970:   0000700009f1ea10 000000010dade043
0x0000700009f1e980:   00007f888600f000 0000700009f1ea60
0x0000700009f1e990:   0000000000000000 0000700009f1ea34
0x0000700009f1e9a0:   000000012ab2f188 0000000100000000
0x0000700009f1e9b0:   0000700009f1ea10 000000010dade3d9
0x0000700009f1e9c0:   00007f888600f000 0000700009f1ea60
0x0000700009f1e9d0:   0000000000000000 0000000000000000
0x0000700009f1e9e0:   0000700009f1ea10 000070000a32a920
0x0000700009f1e9f0:   00000007c08a0a30 00000007c144cc88
0x0000700009f1ea00:   0000700009f1ea38 00007f888600f000
0x0000700009f1ea10:   0000700009f1eac0 000000010dadff10 

Instructions: (pc=0x000000010d97ded5)
0x000000010d97deb5:   44 f7 50 5d c3 55 48 63 f6 48 89 e5 0f b7 44 f7
0x000000010d97dec5:   52 5d c3 55 48 89 e5 e8 9b 33 00 00 a8 01 75 06
0x000000010d97ded5:   48 8b 40 10 eb 04 48 83 e0 fe 5d c3 90 55 31 d2
0x000000010d97dee5:   48 89 e5 53 48 89 fb 41 53 e8 7f fe ff ff 48 89 

Register to memory mapping:

RAX=0x0000000000000000 is an unknown value
RBX=0x0000000000000100 is an unknown value
RCX=0x0000000000000010 is an unknown value
RDX=0x0000000000000000 is an unknown value
RSP=0x0000700009f1e820 is an unknown value
RBP=0x0000700009f1e820 is an unknown value
RSI=0x0000000000000000 is an unknown value
RDI=0x000000012a681e18 is pointing into metadata
R8 =0x00007f8885005460 is an unknown value
R9 =0x00007f888600f000 is an unknown value
R10=0x00007f888600f000 is an unknown value
R11=0x0000000000000002 is an unknown value
R12=0x0000000000000000 is an unknown value
R13=0x000000010c75c0b0 is an unknown value
R14=0x00000000000000b7 is an unknown value
R15=0x0000000114d168f8 is pointing into metadata


Stack: [0x0000700009e1f000,0x0000700009f1f000],  sp=0x0000700009f1e820,  free space=1022k
Native frames: (J=compiled Java code, j=interpreted, Vv=VM code, C=native code)
V  [libjvm.dylib+0x17ded5]  ConstantPool::klass_name_at(int)+0xd
V  [libjvm.dylib+0x35dbb3]  MethodComparator::args_same(Bytecodes::Code, Bytecodes::Code)+0x215
V  [libjvm.dylib+0x35e459]  MethodComparator::methods_EMCP(Method*, Method*)+0x187
V  [libjvm.dylib+0x2de043]  VM_EnhancedRedefineClasses::check_methods_and_mark_as_obsolete(BitMap*, int*)+0xe7
V  [libjvm.dylib+0x2dff10]  VM_EnhancedRedefineClasses::redefine_single_class(instanceKlassHandle, Thread*)+0xce
V  [libjvm.dylib+0x2e005b]  VM_EnhancedRedefineClasses::doit()+0xc5
V  [libjvm.dylib+0x463870]  VM_Operation::evaluate()+0x24
V  [libjvm.dylib+0x462b66]  VMThread::evaluate_operation(VM_Operation*)+0xf8
V  [libjvm.dylib+0x462e02]  VMThread::loop()+0x17c
V  [libjvm.dylib+0x4630bf]  VMThread::run()+0x77
V  [libjvm.dylib+0x388a3c]  java_start(Thread*)+0xf2
C  [libsystem_pthread.dylib+0x333d]  _pthread_body+0x7e
C  [libsystem_pthread.dylib+0x62a7]  _pthread_start+0x46
C  [libsystem_pthread.dylib+0x2425]  thread_start+0xd

VM_Operation (0x000070000a32a920): RedefineClasses, mode: safepoint, requested by thread 0x00007f8883808000


---------------  P R O C E S S  ---------------

Java Threads: ( => current thread )
  0x00007f8892793000 JavaThread "Thread-732" daemon [_thread_blocked, id=47123, stack(0x000070000c38e000,0x000070000c48e000)]
  0x00007f88922c8000 JavaThread "Thread-731" daemon [_thread_blocked, id=49695, stack(0x000070000c188000,0x000070000c288000)]
  0x00007f88922c9000 JavaThread "Thread-730" daemon [_thread_blocked, id=83731, stack(0x000070000c28b000,0x000070000c38b000)]
  0x00007f8892287800 JavaThread "Thread-728" daemon [_thread_blocked, id=80915, stack(0x000070000c085000,0x000070000c185000)]
  0x00007f8885afa000 JavaThread "Thread-725" daemon [_thread_blocked, id=55567, stack(0x000070000caa3000,0x000070000cba3000)]
  0x00007f8892ae2000 JavaThread "Thread-724" daemon [_thread_blocked, id=83471, stack(0x000070000c9a0000,0x000070000caa0000)]
  0x00007f8885fb3800 JavaThread "Thread-723" daemon [_thread_blocked, id=79375, stack(0x000070000c89d000,0x000070000c99d000)]
  0x00007f8890e42000 JavaThread "Thread-722" daemon [_thread_blocked, id=43539, stack(0x000070000c697000,0x000070000c797000)]
  0x00007f8890e41800 JavaThread "Thread-721" daemon [_thread_blocked, id=47635, stack(0x000070000c491000,0x000070000c591000)]
  0x00007f8890a96000 JavaThread "Thread-720" daemon [_thread_blocked, id=51479, stack(0x000070000bf82000,0x000070000c082000)]
  0x00007f8888f81000 JavaThread "Thread-708" daemon [_thread_blocked, id=45875, stack(0x000070000be7f000,0x000070000bf7f000)]
  0x00007f8892228800 JavaThread "qtp1870016563-720" [_thread_blocked, id=73483, stack(0x000070001491a000,0x0000700014a1a000)]
  0x00007f8891bbd000 JavaThread "qtp1870016563-719" [_thread_blocked, id=73227, stack(0x0000700014817000,0x0000700014917000)]
  0x00007f88908f8000 JavaThread "qtp1870016563-143" [_thread_blocked, id=40035, stack(0x000070000b564000,0x000070000b664000)]
  0x00007f8891d1e800 JavaThread "pool-2-thread-2" [_thread_blocked, id=25091, stack(0x000070000bd7c000,0x000070000be7c000)]
  0x00007f888e393800 JavaThread "pool-2-thread-1" [_thread_blocked, id=16667, stack(0x000070000bc79000,0x000070000bd79000)]
  0x00007f8874614000 JavaThread "Abandoned connection cleanup thread" daemon [_thread_blocked, id=24835, stack(0x000070000bb76000,0x000070000bc76000)]
  0x00007f8887d5f800 JavaThread "Thread-29" daemon [_thread_blocked, id=40963, stack(0x000070000ba73000,0x000070000bb73000)]
  0x00007f8888963000 JavaThread "org.eclipse.jetty.server.session.HashSessionManager@2d3c5168Timer" daemon [_thread_blocked, id=24583, stack(0x000070000b970000,0x000070000ba70000)]
  0x00007f8891cb5800 JavaThread "qtp1870016563-50-acceptor-0-ServerConnector@6d12aed1{HTTP/1.1}{0.0.0.0:8080}" [_thread_in_native, id=23819, stack(0x000070000b76a000,0x000070000b86a000)]
  0x00007f8890c82800 JavaThread "qtp1870016563-49-selector-ServerConnectorManager@2c26989f/1" [_thread_in_native, id=24323, stack(0x000070000b86d000,0x000070000b96d000)]
  0x00007f8892066000 JavaThread "qtp1870016563-46-selector-ServerConnectorManager@2c26989f/5" [_thread_in_native, id=41731, stack(0x000070000b667000,0x000070000b767000)]
  0x00007f8890c82000 JavaThread "qtp1870016563-44-selector-ServerConnectorManager@2c26989f/6" [_thread_in_native, id=23043, stack(0x000070000b461000,0x000070000b561000)]
  0x00007f8892ad8000 JavaThread "qtp1870016563-43-selector-ServerConnectorManager@2c26989f/3" [_thread_in_native, id=22531, stack(0x000070000b35e000,0x000070000b45e000)]
  0x00007f8891185800 JavaThread "qtp1870016563-42-selector-ServerConnectorManager@2c26989f/7" [_thread_in_native, id=42755, stack(0x000070000b25b000,0x000070000b35b000)]
  0x00007f8891522000 JavaThread "qtp1870016563-41-selector-ServerConnectorManager@2c26989f/4" [_thread_in_native, id=43011, stack(0x000070000b158000,0x000070000b258000)]
  0x00007f8883d2d800 JavaThread "qtp1870016563-40-selector-ServerConnectorManager@2c26989f/2" [_thread_in_native, id=22019, stack(0x000070000b055000,0x000070000b155000)]
  0x00007f8886fc9800 JavaThread "qtp1870016563-39-selector-ServerConnectorManager@2c26989f/0" [_thread_in_native, id=16407, stack(0x000070000af52000,0x000070000b052000)]
  0x00007f8886ed7000 JavaThread "ShutdownMonitor" daemon [_thread_in_native, id=21791, stack(0x000070000ae4f000,0x000070000af4f000)]
  0x00007f8885801000 JavaThread "Service Thread" daemon [_thread_blocked, id=15107, stack(0x000070000ac49000,0x000070000ad49000)]
  0x00007f888603b000 JavaThread "C1 CompilerThread3" daemon [_thread_blocked, id=17155, stack(0x000070000ab46000,0x000070000ac46000)]
  0x00007f8884843800 JavaThread "C2 CompilerThread2" daemon [_thread_in_native, id=14595, stack(0x000070000aa43000,0x000070000ab43000)]
  0x00007f888381c800 JavaThread "C2 CompilerThread1" daemon [_thread_in_native, id=17923, stack(0x000070000a940000,0x000070000aa40000)]
  0x00007f8884838800 JavaThread "C2 CompilerThread0" daemon [_thread_in_native, id=14083, stack(0x000070000a83d000,0x000070000a93d000)]
  0x00007f8887007800 JavaThread "Thread-2" daemon [_thread_blocked, id=13827, stack(0x000070000a73a000,0x000070000a83a000)]
  0x00007f8887007000 JavaThread "HotSwap Dispatcher" daemon [_thread_blocked, id=18691, stack(0x000070000a637000,0x000070000a737000)]
  0x00007f8887006000 JavaThread "HotSwap Watcher" daemon [_thread_blocked, id=18947, stack(0x000070000a534000,0x000070000a634000)]
  0x00007f888482b800 JavaThread "JDWP Command Reader" daemon [_thread_in_native, id=13059, stack(0x000070000a431000,0x000070000a531000)]
  0x00007f888600f800 JavaThread "JDWP Event Helper Thread" daemon [_thread_blocked, id=19203, stack(0x000070000a32e000,0x000070000a42e000)]
  0x00007f8883808000 JavaThread "JDWP Transport Listener: dt_socket" daemon [_thread_blocked, id=12551, stack(0x000070000a22b000,0x000070000a32b000)]
  0x00007f8884001000 JavaThread "Signal Dispatcher" daemon [_thread_blocked, id=19715, stack(0x000070000a128000,0x000070000a228000)]
  0x00007f8884031800 JavaThread "Finalizer" daemon [_thread_blocked, id=21507, stack(0x000070000a025000,0x000070000a125000)]
  0x00007f8885808800 JavaThread "Reference Handler" daemon [_thread_blocked, id=10755, stack(0x0000700009f22000,0x000070000a022000)]
  0x00007f8884003800 JavaThread "main" [_thread_blocked, id=5891, stack(0x0000700009d1c000,0x0000700009e1c000)]

Other Threads:
=>0x00007f888600f000 VMThread [stack: 0x0000700009e1f000,0x0000700009f1f000] [id=7431]
  0x00007f8886090800 WatcherThread [stack: 0x000070000ad4c000,0x000070000ae4c000] [id=16899]

VM state:at safepoint (normal execution)

VM Mutex/Monitor currently owned by a thread:  ([mutex/lock_event])
[0x00007f8885103dd0] Threads_lock - owner thread: 0x00007f888600f000
[0x00007f88851042d0] Heap_lock - owner thread: 0x00007f8883808000

Heap:
 def new generation   total 130368K, used 50329K [0x00000006c0000000, 0x00000006c8d70000, 0x0000000715550000)
  eden space 115904K,  37% used [0x00000006c0000000, 0x00000006c2ad8730, 0x00000006c7130000)
  from space 14464K,  44% used [0x00000006c7130000, 0x00000006c777dfa8, 0x00000006c7f50000)
  to   space 14464K,   0% used [0x00000006c7f50000, 0x00000006c7f50000, 0x00000006c8d70000)
 tenured generation   total 289476K, used 212809K [0x0000000715550000, 0x0000000727001000, 0x00000007c0000000)
   the space 289476K,  73% used [0x0000000715550000, 0x0000000722522538, 0x0000000722522600, 0x0000000727001000)
 Metaspace       used 173527K, capacity 176098K, committed 176456K, reserved 1204224K
  class space    used 20336K, capacity 20983K, committed 21064K, reserved 1048576K

Card table byte_map: [0x000000010e618000,0x000000010ee19000] byte_map_base: 0x000000010b018000

Polling page: 0x000000010c665000

CodeCache: size=245760Kb used=82340Kb max_used=82340Kb free=163419Kb
 bounds [0x0000000119b11000, 0x000000011ebf1000, 0x0000000128b11000]
 total_blobs=19731 nmethods=18834 adapters=816
 compilation: enabled

Compilation events (10 events):
Event: 3963.206 Thread 0x00007f888603b000 25913       3       org.hotswap.agent.plugin.proxy.java.ProxyGenerator$ConstantPool$IndirectEntry::<init> (21 bytes)
Event: 3963.206 Thread 0x00007f888603b000 nmethod 25913 0x000000011ebe0850 code [0x000000011ebe09c0, 0x000000011ebe0c30]
Event: 3963.206 Thread 0x00007f888603b000 25916       3       org.hotswap.agent.plugin.proxy.java.ProxyGenerator$ConstantPool$IndirectEntry::<init> (21 bytes)
Event: 3963.206 Thread 0x00007f888603b000 nmethod 25916 0x000000011ebe0d90 code [0x000000011ebe0f00, 0x000000011ebe1170]
Event: 3963.206 Thread 0x00007f888603b000 25918       3       org.hotswap.agent.plugin.proxy.java.ProxyGenerator$ConstantPool::getNameAndType (30 bytes)
Event: 3963.207 Thread 0x00007f888603b000 nmethod 25918 0x000000011ebe12d0 code [0x000000011ebe14c0, 0x000000011ebe1ba8]
Event: 3963.207 Thread 0x00007f888603b000 25914       1       org.hotswap.agent.plugin.proxy.java.ProxyGenerator::access$700 (5 bytes)
Event: 3963.208 Thread 0x00007f888603b000 nmethod 25914 0x000000011ebe2090 code [0x000000011ebe21e0, 0x000000011ebe22d0]
Event: 3963.208 Thread 0x00007f888603b000 25915       3       org.hotswap.agent.plugin.proxy.java.ProxyGenerator$ConstantPool::getClass (21 bytes)
Event: 3963.209 Thread 0x00007f888603b000 nmethod 25915 0x000000011ebe2350 code [0x000000011ebe2520, 0x000000011ebe2a48]

GC Heap History (10 events):
Event: 3951.981 GC heap before
{Heap before GC invocations=162 (full 6):
 def new generation   total 130368K, used 122191K [0x00000006c0000000, 0x00000006c8d70000, 0x0000000715550000)
  eden space 115904K, 100% used [0x00000006c0000000, 0x00000006c7130000, 0x00000006c7130000)
  from space 14464K,  43% used [0x00000006c7f50000, 0x00000006c8573fd0, 0x00000006c8d70000)
  to   space 14464K,   0% used [0x00000006c7130000, 0x00000006c7130000, 0x00000006c7f50000)
 tenured generation   total 289476K, used 182040K [0x0000000715550000, 0x0000000727001000, 0x00000007c0000000)
   the space 289476K,  62% used [0x0000000715550000, 0x0000000720716220, 0x0000000720716400, 0x0000000727001000)
 Metaspace       used 170646K, capacity 173074K, committed 173128K, reserved 1202176K
  class space    used 20163K, capacity 20783K, committed 20808K, reserved 1048576K
Event: 3952.074 GC heap after
Heap after GC invocations=163 (full 6):
 def new generation   total 130368K, used 14464K [0x00000006c0000000, 0x00000006c8d70000, 0x0000000715550000)
  eden space 115904K,   0% used [0x00000006c0000000, 0x00000006c0000000, 0x00000006c7130000)
  from space 14464K, 100% used [0x00000006c7130000, 0x00000006c7f50000, 0x00000006c7f50000)
  to   space 14464K,   0% used [0x00000006c7f50000, 0x00000006c7f50000, 0x00000006c8d70000)
 tenured generation   total 289476K, used 185179K [0x0000000715550000, 0x0000000727001000, 0x00000007c0000000)
   the space 289476K,  63% used [0x0000000715550000, 0x0000000720a26da8, 0x0000000720a26e00, 0x0000000727001000)
 Metaspace       used 170646K, capacity 173074K, committed 173128K, reserved 1202176K
  class space    used 20163K, capacity 20783K, committed 20808K, reserved 1048576K
}
Event: 3959.185 GC heap before
{Heap before GC invocations=163 (full 6):
 def new generation   total 130368K, used 130368K [0x00000006c0000000, 0x00000006c8d70000, 0x0000000715550000)
  eden space 115904K, 100% used [0x00000006c0000000, 0x00000006c7130000, 0x00000006c7130000)
  from space 14464K, 100% used [0x00000006c7130000, 0x00000006c7f50000, 0x00000006c7f50000)
  to   space 14464K,   0% used [0x00000006c7f50000, 0x00000006c7f50000, 0x00000006c8d70000)
 tenured generation   total 289476K, used 185179K [0x0000000715550000, 0x0000000727001000, 0x00000007c0000000)
   the space 289476K,  63% used [0x0000000715550000, 0x0000000720a26da8, 0x0000000720a26e00, 0x0000000727001000)
 Metaspace       used 170786K, capacity 173248K, committed 173512K, reserved 1202176K
  class space    used 20176K, capacity 20828K, committed 20936K, reserved 1048576K
Event: 3959.247 GC heap after
Heap after GC invocations=164 (full 6):
 def new generation   total 130368K, used 4272K [0x00000006c0000000, 0x00000006c8d70000, 0x0000000715550000)
  eden space 115904K,   0% used [0x00000006c0000000, 0x00000006c0000000, 0x00000006c7130000)
  from space 14464K,  29% used [0x00000006c7f50000, 0x00000006c837c248, 0x00000006c8d70000)
  to   space 14464K,   0% used [0x00000006c7130000, 0x00000006c7130000, 0x00000006c7f50000)
 tenured generation   total 289476K, used 199318K [0x0000000715550000, 0x0000000727001000, 0x00000007c0000000)
   the space 289476K,  68% used [0x0000000715550000, 0x00000007217f5bd8, 0x00000007217f5c00, 0x0000000727001000)
 Metaspace       used 170786K, capacity 173248K, committed 173512K, reserved 1202176K
  class space    used 20176K, capacity 20828K, committed 20936K, reserved 1048576K
}
Event: 3960.203 GC heap before
{Heap before GC invocations=164 (full 6):
 def new generation   total 130368K, used 120176K [0x00000006c0000000, 0x00000006c8d70000, 0x0000000715550000)
  eden space 115904K, 100% used [0x00000006c0000000, 0x00000006c7130000, 0x00000006c7130000)
  from space 14464K,  29% used [0x00000006c7f50000, 0x00000006c837c248, 0x00000006c8d70000)
  to   space 14464K,   0% used [0x00000006c7130000, 0x00000006c7130000, 0x00000006c7f50000)
 tenured generation   total 289476K, used 199318K [0x0000000715550000, 0x0000000727001000, 0x00000007c0000000)
   the space 289476K,  68% used [0x0000000715550000, 0x00000007217f5bd8, 0x00000007217f5c00, 0x0000000727001000)
 Metaspace       used 170989K, capacity 173516K, committed 173768K, reserved 1202176K
  class space    used 20177K, capacity 20830K, committed 20936K, reserved 1048576K
Event: 3960.263 GC heap after
Heap after GC invocations=165 (full 6):
 def new generation   total 130368K, used 13789K [0x00000006c0000000, 0x00000006c8d70000, 0x0000000715550000)
  eden space 115904K,   0% used [0x00000006c0000000, 0x00000006c0000000, 0x00000006c7130000)
  from space 14464K,  95% used [0x00000006c7130000, 0x00000006c7ea7678, 0x00000006c7f50000)
  to   space 14464K,   0% used [0x00000006c7f50000, 0x00000006c7f50000, 0x00000006c8d70000)
 tenured generation   total 289476K, used 199318K [0x0000000715550000, 0x0000000727001000, 0x00000007c0000000)
   the space 289476K,  68% used [0x0000000715550000, 0x00000007217f5bd8, 0x00000007217f5c00, 0x0000000727001000)
 Metaspace       used 170989K, capacity 173516K, committed 173768K, reserved 1202176K
  class space    used 20177K, capacity 20830K, committed 20936K, reserved 1048576K
}
Event: 3962.036 GC heap before
{Heap before GC invocations=165 (full 6):
 def new generation   total 130368K, used 129693K [0x00000006c0000000, 0x00000006c8d70000, 0x0000000715550000)
  eden space 115904K, 100% used [0x00000006c0000000, 0x00000006c7130000, 0x00000006c7130000)
  from space 14464K,  95% used [0x00000006c7130000, 0x00000006c7ea7678, 0x00000006c7f50000)
  to   space 14464K,   0% used [0x00000006c7f50000, 0x00000006c7f50000, 0x00000006c8d70000)
 tenured generation   total 289476K, used 199318K [0x0000000715550000, 0x0000000727001000, 0x00000007c0000000)
   the space 289476K,  68% used [0x0000000715550000, 0x00000007217f5bd8, 0x00000007217f5c00, 0x0000000727001000)
 Metaspace       used 171916K, capacity 174450K, committed 174536K, reserved 1202176K
  class space    used 20257K, capacity 20911K, committed 20936K, reserved 1048576K
Event: 3962.126 GC heap after
Heap after GC invocations=166 (full 6):
 def new generation   total 130368K, used 6164K [0x00000006c0000000, 0x00000006c8d70000, 0x0000000715550000)
  eden space 115904K,   0% used [0x00000006c0000000, 0x00000006c0000000, 0x00000006c7130000)
  from space 14464K,  42% used [0x00000006c7f50000, 0x00000006c8555088, 0x00000006c8d70000)
  to   space 14464K,   0% used [0x00000006c7130000, 0x00000006c7130000, 0x00000006c7f50000)
 tenured generation   total 289476K, used 212809K [0x0000000715550000, 0x0000000727001000, 0x00000007c0000000)
   the space 289476K,  73% used [0x0000000715550000, 0x0000000722522538, 0x0000000722522600, 0x0000000727001000)
 Metaspace       used 171916K, capacity 174450K, committed 174536K, reserved 1202176K
  class space    used 20257K, capacity 20911K, committed 20936K, reserved 1048576K
}
Event: 3962.979 GC heap before
{Heap before GC invocations=166 (full 6):
 def new generation   total 130368K, used 122068K [0x00000006c0000000, 0x00000006c8d70000, 0x0000000715550000)
  eden space 115904K, 100% used [0x00000006c0000000, 0x00000006c7130000, 0x00000006c7130000)
  from space 14464K,  42% used [0x00000006c7f50000, 0x00000006c8555088, 0x00000006c8d70000)
  to   space 14464K,   0% used [0x00000006c7130000, 0x00000006c7130000, 0x00000006c7f50000)
 tenured generation   total 289476K, used 212809K [0x0000000715550000, 0x0000000727001000, 0x00000007c0000000)
   the space 289476K,  73% used [0x0000000715550000, 0x0000000722522538, 0x0000000722522600, 0x0000000727001000)
 Metaspace       used 173032K, capacity 175632K, committed 175944K, reserved 1204224K
  class space    used 20310K, capacity 20980K, committed 21064K, reserved 1048576K
Event: 3963.006 GC heap after
Heap after GC invocations=167 (full 6):
 def new generation   total 130368K, used 6455K [0x00000006c0000000, 0x00000006c8d70000, 0x0000000715550000)
  eden space 115904K,   0% used [0x00000006c0000000, 0x00000006c0000000, 0x00000006c7130000)
  from space 14464K,  44% used [0x00000006c7130000, 0x00000006c777dfa8, 0x00000006c7f50000)
  to   space 14464K,   0% used [0x00000006c7f50000, 0x00000006c7f50000, 0x00000006c8d70000)
 tenured generation   total 289476K, used 212809K [0x0000000715550000, 0x0000000727001000, 0x00000007c0000000)
   the space 289476K,  73% used [0x0000000715550000, 0x0000000722522538, 0x0000000722522600, 0x0000000727001000)
 Metaspace       used 173032K, capacity 175632K, committed 175944K, reserved 1204224K
  class space    used 20310K, capacity 20980K, committed 21064K, reserved 1048576K
}

Deoptimization events (10 events):
Event: 3961.639 Thread 0x00007f8883808000 Uncommon trap: reason=class_check action=maybe_recompile pc=0x000000011d4c39f8 method=com.sun.proxy.$Proxy38.annotationType()Ljava/lang/Class; @ 9
Event: 3961.763 Thread 0x00007f8883808000 Uncommon trap: reason=unstable_if action=reinterpret pc=0x000000011c68c638 method=java.lang.Class.getEnclosingMethodInfo()Ljava/lang/Class$EnclosingMethodInfo; @ 6
Event: 3961.763 Thread 0x00007f8883808000 Uncommon trap: reason=null_assert action=make_not_entrant pc=0x000000011c124dd0 method=java.lang.Class.getEnclosingClass()Ljava/lang/Class; @ 4
Event: 3961.763 Thread 0x00007f8883808000 Uncommon trap: reason=null_assert action=make_not_entrant pc=0x000000011c1fbc78 method=java.lang.Class.getEnclosingClass()Ljava/lang/Class; @ 4
Event: 3961.766 Thread 0x00007f8883808000 Uncommon trap: reason=unstable_if action=reinterpret pc=0x000000011bd7b8dc method=org.hotswap.agent.javassist.CtClassType.toBytecode(Ljava/io/DataOutputStream;)V @ 4
Event: 3961.766 Thread 0x00007f8883808000 Uncommon trap: reason=null_assert action=make_not_entrant pc=0x000000011c1efc24 method=java.lang.Class.getEnclosingClass()Ljava/lang/Class; @ 4
Event: 3961.766 Thread 0x00007f8883808000 Uncommon trap: reason=unstable_if action=reinterpret pc=0x000000011c6c3784 method=java.lang.reflect.Modifier.toString(I)Ljava/lang/String; @ 184
Event: 3961.829 Thread 0x00007f8883808000 Uncommon trap: reason=class_check action=maybe_recompile pc=0x000000011dd46ef8 method=com.sun.proxy.$Proxy259.annotationType()Ljava/lang/Class; @ 9
Event: 3961.829 Thread 0x00007f8883808000 Uncommon trap: reason=class_check action=maybe_recompile pc=0x000000011dd46ef8 method=com.sun.proxy.$Proxy259.annotationType()Ljava/lang/Class; @ 9
Event: 3963.196 Thread 0x00007f8892793000 Uncommon trap: reason=unstable_if action=reinterpret pc=0x000000011e449d8c method=java.util.AbstractMap.equals(Ljava/lang/Object;)Z @ 126

Internal exceptions (10 events):
Event: 3959.965 Thread 0x00007f8888f81000 Exception <a 'java/lang/NullPointerException'> (0x00000006c52a7d48) thrown at [/private/var/lib/jenkins/workspace/DCEVM-8u161/jdk/JDK1.8.0_181-x64/k/product/oops/nocompressed/slave/dcevm-macosx/hotspot/src/share/vm/prims/jni.cpp, line 736]
Event: 3959.965 Thread 0x00007f8888f81000 Exception <a 'java/lang/NullPointerException'> (0x00000006c52a7fd0) thrown at [/private/var/lib/jenkins/workspace/DCEVM-8u161/jdk/JDK1.8.0_181-x64/k/product/oops/nocompressed/slave/dcevm-macosx/hotspot/src/share/vm/prims/jni.cpp, line 736]
Event: 3959.965 Thread 0x00007f8888f81000 Exception <a 'java/lang/NullPointerException'> (0x00000006c52a8258) thrown at [/private/var/lib/jenkins/workspace/DCEVM-8u161/jdk/JDK1.8.0_181-x64/k/product/oops/nocompressed/slave/dcevm-macosx/hotspot/src/share/vm/prims/jni.cpp, line 736]
Event: 3959.965 Thread 0x00007f8888f81000 Exception <a 'java/lang/NullPointerException'> (0x00000006c52a89c8) thrown at [/private/var/lib/jenkins/workspace/DCEVM-8u161/jdk/JDK1.8.0_181-x64/k/product/oops/nocompressed/slave/dcevm-macosx/hotspot/src/share/vm/prims/jni.cpp, line 736]
Event: 3959.965 Thread 0x00007f8888f81000 Exception <a 'java/lang/NullPointerException'> (0x00000006c52a90d8) thrown at [/private/var/lib/jenkins/workspace/DCEVM-8u161/jdk/JDK1.8.0_181-x64/k/product/oops/nocompressed/slave/dcevm-macosx/hotspot/src/share/vm/prims/jni.cpp, line 736]
Event: 3959.965 Thread 0x00007f8888f81000 Exception <a 'java/lang/NullPointerException'> (0x00000006c52a9c58) thrown at [/private/var/lib/jenkins/workspace/DCEVM-8u161/jdk/JDK1.8.0_181-x64/k/product/oops/nocompressed/slave/dcevm-macosx/hotspot/src/share/vm/prims/jni.cpp, line 736]
Event: 3959.965 Thread 0x00007f8888f81000 Exception <a 'java/lang/NullPointerException'> (0x00000006c52a9ee0) thrown at [/private/var/lib/jenkins/workspace/DCEVM-8u161/jdk/JDK1.8.0_181-x64/k/product/oops/nocompressed/slave/dcevm-macosx/hotspot/src/share/vm/prims/jni.cpp, line 736]
Event: 3959.965 Thread 0x00007f8888f81000 Exception <a 'java/lang/NullPointerException'> (0x00000006c52aa5e0) thrown at [/private/var/lib/jenkins/workspace/DCEVM-8u161/jdk/JDK1.8.0_181-x64/k/product/oops/nocompressed/slave/dcevm-macosx/hotspot/src/share/vm/prims/jni.cpp, line 736]
Event: 3959.966 Thread 0x00007f8888f81000 Exception <a 'java/lang/NullPointerException'> (0x00000006c52ab1d8) thrown at [/private/var/lib/jenkins/workspace/DCEVM-8u161/jdk/JDK1.8.0_181-x64/k/product/oops/nocompressed/slave/dcevm-macosx/hotspot/src/share/vm/prims/jni.cpp, line 736]
Event: 3959.966 Thread 0x00007f8888f81000 Exception <a 'java/lang/NullPointerException'> (0x00000006c52aba78) thrown at [/private/var/lib/jenkins/workspace/DCEVM-8u161/jdk/JDK1.8.0_181-x64/k/product/oops/nocompressed/slave/dcevm-macosx/hotspot/src/share/vm/prims/jni.cpp, line 736]

Events (10 events):
Event: 3963.196 Thread 0x00007f8892793000 DEOPT UNPACKING pc=0x0000000119b15f69 sp=0x000070000c48d770 mode 2
Event: 3963.196 Thread 0x00007f8883808000 DEOPT PACKING pc=0x000000011eaff444 sp=0x000070000a328c80
Event: 3963.196 Thread 0x00007f8883808000 DEOPT UNPACKING pc=0x0000000119b58373 sp=0x000070000a328a78 mode 1
Event: 3963.197 Thread 0x00007f8883808000 DEOPT PACKING pc=0x000000011eb508b4 sp=0x000070000a328b60
Event: 3963.197 Thread 0x00007f8883808000 DEOPT UNPACKING pc=0x0000000119b58373 sp=0x000070000a328ac0 mode 1
Event: 3963.197 Thread 0x00007f8883808000 DEOPT PACKING pc=0x000000011eb508b4 sp=0x000070000a328b60
Event: 3963.197 Thread 0x00007f8883808000 DEOPT UNPACKING pc=0x0000000119b58373 sp=0x000070000a328ac0 mode 1
Event: 3963.206 loading class java/lang/instrument/ClassDefinition
Event: 3963.207 loading class java/lang/instrument/ClassDefinition done
Event: 3963.212 Executing VM operation: RedefineClasses


Dynamic libraries:
0x000000001eae3000 	/System/Library/Frameworks/Cocoa.framework/Versions/A/Cocoa
0x000000001eae3000 	/System/Library/Frameworks/Security.framework/Versions/A/Security
0x000000001eae3000 	/System/Library/Frameworks/ApplicationServices.framework/Versions/A/ApplicationServices
0x000000001eae3000 	/usr/lib/libz.1.dylib
0x000000001eae3000 	/usr/lib/libSystem.B.dylib
0x000000001eae3000 	/usr/lib/libobjc.A.dylib
0x000000001eae3000 	/System/Library/Frameworks/CoreFoundation.framework/Versions/A/CoreFoundation
0x000000001eae3000 	/System/Library/Frameworks/Foundation.framework/Versions/C/Foundation
0x000000001eae3000 	/System/Library/Frameworks/AppKit.framework/Versions/C/AppKit
0x000000001eae3000 	/System/Library/Frameworks/CoreData.framework/Versions/A/CoreData
0x000000001eae3000 	/System/Library/PrivateFrameworks/RemoteViewServices.framework/Versions/A/RemoteViewServices
0x000000001eae3000 	/System/Library/PrivateFrameworks/UIFoundation.framework/Versions/A/UIFoundation
0x000000001eae3000 	/System/Library/PrivateFrameworks/XCTTargetBootstrap.framework/Versions/A/XCTTargetBootstrap
0x000000001eae3000 	/System/Library/PrivateFrameworks/IconServices.framework/Versions/A/IconServices
0x000000001eae3000 	/System/Library/Frameworks/Metal.framework/Versions/A/Metal
0x000000001eae3000 	/System/Library/PrivateFrameworks/DesktopServicesPriv.framework/Versions/A/DesktopServicesPriv
0x000000001eae3000 	/usr/lib/libenergytrace.dylib
0x000000001eae3000 	/System/Library/PrivateFrameworks/SkyLight.framework/Versions/A/SkyLight
0x000000001eae3000 	/System/Library/Frameworks/CoreGraphics.framework/Versions/A/CoreGraphics
0x000000001eae3000 	/System/Library/Frameworks/Accelerate.framework/Versions/A/Accelerate
0x000000001eae3000 	/System/Library/Frameworks/IOSurface.framework/Versions/A/IOSurface
0x000000001eae3000 	/System/Library/PrivateFrameworks/DFRFoundation.framework/Versions/A/DFRFoundation
0x000000001eae3000 	/System/Library/Frameworks/AudioToolbox.framework/Versions/A/AudioToolbox
0x000000001eae3000 	/System/Library/Frameworks/AudioUnit.framework/Versions/A/AudioUnit
0x000000001eae3000 	/System/Library/PrivateFrameworks/DataDetectorsCore.framework/Versions/A/DataDetectorsCore
0x000000001eae3000 	/System/Library/Frameworks/Carbon.framework/Versions/A/Frameworks/HIToolbox.framework/Versions/A/HIToolbox
0x000000001eae3000 	/usr/lib/libicucore.A.dylib
0x000000001eae3000 	/System/Library/Frameworks/QuartzCore.framework/Versions/A/QuartzCore
0x000000001eae3000 	/System/Library/Frameworks/Carbon.framework/Versions/A/Frameworks/SpeechRecognition.framework/Versions/A/SpeechRecognition
0x000000001eae3000 	/usr/lib/libauto.dylib
0x000000001eae3000 	/usr/lib/libxml2.2.dylib
0x000000001eae3000 	/System/Library/PrivateFrameworks/CoreUI.framework/Versions/A/CoreUI
0x000000001eae3000 	/System/Library/Frameworks/CoreAudio.framework/Versions/A/CoreAudio
0x000000001eae3000 	/System/Library/Frameworks/DiskArbitration.framework/Versions/A/DiskArbitration
0x000000001eae3000 	/usr/lib/liblangid.dylib
0x000000001eae3000 	/System/Library/PrivateFrameworks/MultitouchSupport.framework/Versions/A/MultitouchSupport
0x000000001eae3000 	/System/Library/Frameworks/IOKit.framework/Versions/A/IOKit
0x000000001eae3000 	/usr/lib/libDiagnosticMessagesClient.dylib
0x000000001eae3000 	/System/Library/Frameworks/CoreServices.framework/Versions/A/CoreServices
0x000000001eae3000 	/System/Library/PrivateFrameworks/PerformanceAnalysis.framework/Versions/A/PerformanceAnalysis
0x000000001eae3000 	/System/Library/Frameworks/OpenGL.framework/Versions/A/OpenGL
0x000000001eae3000 	/System/Library/Frameworks/ColorSync.framework/Versions/A/ColorSync
0x000000001eae3000 	/System/Library/Frameworks/CoreImage.framework/Versions/A/CoreImage
0x000000001eae3000 	/System/Library/Frameworks/CoreText.framework/Versions/A/CoreText
0x000000001eae3000 	/System/Library/Frameworks/ImageIO.framework/Versions/A/ImageIO
0x000000001eae3000 	/System/Library/PrivateFrameworks/Backup.framework/Versions/A/Backup
0x000000001eae3000 	/usr/lib/libarchive.2.dylib
0x000000001eae3000 	/System/Library/Frameworks/CFNetwork.framework/Versions/A/CFNetwork
0x000000001eae3000 	/System/Library/Frameworks/SystemConfiguration.framework/Versions/A/SystemConfiguration
0x000000001eae3000 	/usr/lib/libCRFSuite.dylib
0x000000001eae3000 	/usr/lib/libc++.1.dylib
0x000000001eae3000 	/usr/lib/libc++abi.dylib
0x000000001eae3000 	/usr/lib/system/libcache.dylib
0x000000001eae3000 	/usr/lib/system/libcommonCrypto.dylib
0x000000001eae3000 	/usr/lib/system/libcompiler_rt.dylib
0x000000001eae3000 	/usr/lib/system/libcopyfile.dylib
0x000000001eae3000 	/usr/lib/system/libcorecrypto.dylib
0x000000001eae3000 	/usr/lib/system/libdispatch.dylib
0x000000001eae3000 	/usr/lib/system/libdyld.dylib
0x000000001eae3000 	/usr/lib/system/libkeymgr.dylib
0x000000001eae3000 	/usr/lib/system/liblaunch.dylib
0x000000001eae3000 	/usr/lib/system/libmacho.dylib
0x000000001eae3000 	/usr/lib/system/libquarantine.dylib
0x000000001eae3000 	/usr/lib/system/libremovefile.dylib
0x000000001eae3000 	/usr/lib/system/libsystem_asl.dylib
0x000000001eae3000 	/usr/lib/system/libsystem_blocks.dylib
0x000000001eae3000 	/usr/lib/system/libsystem_c.dylib
0x000000001eae3000 	/usr/lib/system/libsystem_configuration.dylib
0x000000001eae3000 	/usr/lib/system/libsystem_coreservices.dylib
0x000000001eae3000 	/usr/lib/system/libsystem_darwin.dylib
0x000000001eae3000 	/usr/lib/system/libsystem_dnssd.dylib
0x000000001eae3000 	/usr/lib/system/libsystem_info.dylib
0x000000001eae3000 	/usr/lib/system/libsystem_m.dylib
0x000000001eae3000 	/usr/lib/system/libsystem_malloc.dylib
0x000000001eae3000 	/usr/lib/system/libsystem_networkextension.dylib
0x000000001eae3000 	/usr/lib/system/libsystem_notify.dylib
0x000000001eae3000 	/usr/lib/system/libsystem_sandbox.dylib
0x000000001eae3000 	/usr/lib/system/libsystem_secinit.dylib
0x000000001eae3000 	/usr/lib/system/libsystem_kernel.dylib
0x000000001eae3000 	/usr/lib/system/libsystem_platform.dylib
0x000000001eae3000 	/usr/lib/system/libsystem_pthread.dylib
0x000000001eae3000 	/usr/lib/system/libsystem_symptoms.dylib
0x000000001eae3000 	/usr/lib/system/libsystem_trace.dylib
0x000000001eae3000 	/usr/lib/system/libunwind.dylib
0x000000001eae3000 	/usr/lib/system/libxpc.dylib
0x000000001eae3000 	/usr/lib/libbsm.0.dylib
0x000000001eae3000 	/usr/lib/system/libkxld.dylib
0x000000001eae3000 	/System/Library/PrivateFrameworks/AppleFSCompression.framework/Versions/A/AppleFSCompression
0x000000001eae3000 	/usr/lib/libOpenScriptingUtil.dylib
0x000000001eae3000 	/usr/lib/libcoretls.dylib
0x000000001eae3000 	/usr/lib/libcoretls_cfhelpers.dylib
0x000000001eae3000 	/usr/lib/libpam.2.dylib
0x000000001eae3000 	/usr/lib/libsqlite3.dylib
0x000000001eae3000 	/usr/lib/libxar.1.dylib
0x000000001eae3000 	/usr/lib/libbz2.1.0.dylib
0x000000001eae3000 	/usr/lib/liblzma.5.dylib
0x000000001eae3000 	/usr/lib/libnetwork.dylib
0x000000001eae3000 	/usr/lib/libapple_nghttp2.dylib
0x000000001eae3000 	/usr/lib/libpcap.A.dylib
0x000000001eae3000 	/System/Library/Frameworks/CoreServices.framework/Versions/A/Frameworks/FSEvents.framework/Versions/A/FSEvents
0x000000001eae3000 	/System/Library/Frameworks/CoreServices.framework/Versions/A/Frameworks/CarbonCore.framework/Versions/A/CarbonCore
0x000000001eae3000 	/System/Library/Frameworks/CoreServices.framework/Versions/A/Frameworks/Metadata.framework/Versions/A/Metadata
0x000000001eae3000 	/System/Library/Frameworks/CoreServices.framework/Versions/A/Frameworks/OSServices.framework/Versions/A/OSServices
0x000000001eae3000 	/System/Library/Frameworks/CoreServices.framework/Versions/A/Frameworks/SearchKit.framework/Versions/A/SearchKit
0x000000001eae3000 	/System/Library/Frameworks/CoreServices.framework/Versions/A/Frameworks/AE.framework/Versions/A/AE
0x000000001eae3000 	/System/Library/Frameworks/CoreServices.framework/Versions/A/Frameworks/LaunchServices.framework/Versions/A/LaunchServices
0x000000001eae3000 	/System/Library/Frameworks/CoreServices.framework/Versions/A/Frameworks/DictionaryServices.framework/Versions/A/DictionaryServices
0x000000001eae3000 	/System/Library/Frameworks/CoreServices.framework/Versions/A/Frameworks/SharedFileList.framework/Versions/A/SharedFileList
0x000000001eae3000 	/System/Library/Frameworks/NetFS.framework/Versions/A/NetFS
0x000000001eae3000 	/System/Library/PrivateFrameworks/NetAuth.framework/Versions/A/NetAuth
0x000000001eae3000 	/System/Library/PrivateFrameworks/login.framework/Versions/A/Frameworks/loginsupport.framework/Versions/A/loginsupport
0x000000001eae3000 	/System/Library/PrivateFrameworks/TCC.framework/Versions/A/TCC
0x000000001eae3000 	/System/Library/PrivateFrameworks/CoreNLP.framework/Versions/A/CoreNLP
0x000000001eae3000 	/System/Library/PrivateFrameworks/MetadataUtilities.framework/Versions/A/MetadataUtilities
0x000000001eae3000 	/usr/lib/libmecabra.dylib
0x000000001eae3000 	/System/Library/Frameworks/ApplicationServices.framework/Versions/A/Frameworks/ATS.framework/Versions/A/ATS
0x000000001eae3000 	/System/Library/Frameworks/ApplicationServices.framework/Versions/A/Frameworks/ColorSyncLegacy.framework/Versions/A/ColorSyncLegacy
0x000000001eae3000 	/System/Library/Frameworks/ApplicationServices.framework/Versions/A/Frameworks/HIServices.framework/Versions/A/HIServices
0x000000001eae3000 	/System/Library/Frameworks/ApplicationServices.framework/Versions/A/Frameworks/LangAnalysis.framework/Versions/A/LangAnalysis
0x000000001eae3000 	/System/Library/Frameworks/ApplicationServices.framework/Versions/A/Frameworks/PrintCore.framework/Versions/A/PrintCore
0x000000001eae3000 	/System/Library/Frameworks/ApplicationServices.framework/Versions/A/Frameworks/QD.framework/Versions/A/QD
0x000000001eae3000 	/System/Library/Frameworks/ApplicationServices.framework/Versions/A/Frameworks/SpeechSynthesis.framework/Versions/A/SpeechSynthesis
0x000000001eae3000 	/usr/lib/libcompression.dylib
0x000000001eae3000 	/System/Library/Frameworks/CoreDisplay.framework/Versions/A/CoreDisplay
0x000000001eae3000 	/System/Library/Frameworks/MetalPerformanceShaders.framework/Versions/A/MetalPerformanceShaders
0x000000001eae3000 	/System/Library/Frameworks/Accelerate.framework/Versions/A/Frameworks/vImage.framework/Versions/A/vImage
0x000000001eae3000 	/System/Library/Frameworks/Accelerate.framework/Versions/A/Frameworks/vecLib.framework/Versions/A/vecLib
0x000000001eae3000 	/System/Library/Frameworks/Accelerate.framework/Versions/A/Frameworks/vecLib.framework/Versions/A/libvMisc.dylib
0x000000001eae3000 	/System/Library/Frameworks/Accelerate.framework/Versions/A/Frameworks/vecLib.framework/Versions/A/libvDSP.dylib
0x000000001eae3000 	/System/Library/Frameworks/Accelerate.framework/Versions/A/Frameworks/vecLib.framework/Versions/A/libBLAS.dylib
0x000000001eae3000 	/System/Library/Frameworks/Accelerate.framework/Versions/A/Frameworks/vecLib.framework/Versions/A/libLAPACK.dylib
0x000000001eae3000 	/System/Library/Frameworks/Accelerate.framework/Versions/A/Frameworks/vecLib.framework/Versions/A/libLinearAlgebra.dylib
0x000000001eae3000 	/System/Library/Frameworks/Accelerate.framework/Versions/A/Frameworks/vecLib.framework/Versions/A/libSparseBLAS.dylib
0x000000001eae3000 	/System/Library/Frameworks/Accelerate.framework/Versions/A/Frameworks/vecLib.framework/Versions/A/libQuadrature.dylib
0x000000001eae3000 	/System/Library/Frameworks/Accelerate.framework/Versions/A/Frameworks/vecLib.framework/Versions/A/libBNNS.dylib
0x000000001eae3000 	/System/Library/Frameworks/Accelerate.framework/Versions/A/Frameworks/vecLib.framework/Versions/A/libSparse.dylib
0x000000001eae3000 	/System/Library/PrivateFrameworks/GPUWrangler.framework/Versions/A/GPUWrangler
0x000000001eae3000 	/System/Library/PrivateFrameworks/IOAccelerator.framework/Versions/A/IOAccelerator
0x000000001eae3000 	/System/Library/PrivateFrameworks/IOPresentment.framework/Versions/A/IOPresentment
0x000000001eae3000 	/System/Library/PrivateFrameworks/DSExternalDisplay.framework/Versions/A/DSExternalDisplay
0x000000001eae3000 	/System/Library/Frameworks/OpenGL.framework/Versions/A/Libraries/libCoreFSCache.dylib
0x000000001eae3000 	/System/Library/Frameworks/MetalPerformanceShaders.framework/Frameworks/MPSCore.framework/Versions/A/MPSCore
0x000000001eae3000 	/System/Library/Frameworks/MetalPerformanceShaders.framework/Frameworks/MPSImage.framework/Versions/A/MPSImage
0x000000001eae3000 	/System/Library/Frameworks/MetalPerformanceShaders.framework/Frameworks/MPSNeuralNetwork.framework/Versions/A/MPSNeuralNetwork
0x000000001eae3000 	/System/Library/Frameworks/MetalPerformanceShaders.framework/Frameworks/MPSMatrix.framework/Versions/A/MPSMatrix
0x000000001eae3000 	/System/Library/Frameworks/MetalPerformanceShaders.framework/Frameworks/MPSRayIntersector.framework/Versions/A/MPSRayIntersector
0x000000001eae3000 	/System/Library/PrivateFrameworks/MetalTools.framework/Versions/A/MetalTools
0x000000001eae3000 	/System/Library/PrivateFrameworks/AggregateDictionary.framework/Versions/A/AggregateDictionary
0x000000001eae3000 	/usr/lib/libMobileGestalt.dylib
0x000000001eae3000 	/System/Library/Frameworks/CoreVideo.framework/Versions/A/CoreVideo
0x000000001eae3000 	/System/Library/PrivateFrameworks/GraphVisualizer.framework/Versions/A/GraphVisualizer
0x000000001eae3000 	/System/Library/PrivateFrameworks/FaceCore.framework/Versions/A/FaceCore
0x000000001eae3000 	/System/Library/Frameworks/OpenCL.framework/Versions/A/OpenCL
0x000000001eae3000 	/usr/lib/libFosl_dynamic.dylib
0x000000001eae3000 	/System/Library/PrivateFrameworks/OTSVG.framework/Versions/A/OTSVG
0x000000001eae3000 	/System/Library/Frameworks/ApplicationServices.framework/Versions/A/Frameworks/ATS.framework/Versions/A/Resources/libFontParser.dylib
0x000000001eae3000 	/System/Library/Frameworks/ApplicationServices.framework/Versions/A/Frameworks/ATS.framework/Versions/A/Resources/libFontRegistry.dylib
0x000000001eae3000 	/System/Library/Frameworks/ImageIO.framework/Versions/A/Resources/libJPEG.dylib
0x000000001eae3000 	/System/Library/Frameworks/ImageIO.framework/Versions/A/Resources/libTIFF.dylib
0x000000001eae3000 	/System/Library/Frameworks/ImageIO.framework/Versions/A/Resources/libPng.dylib
0x000000001eae3000 	/System/Library/Frameworks/ImageIO.framework/Versions/A/Resources/libGIF.dylib
0x000000001eae3000 	/System/Library/Frameworks/ImageIO.framework/Versions/A/Resources/libJP2.dylib
0x000000001eae3000 	/System/Library/Frameworks/ImageIO.framework/Versions/A/Resources/libRadiance.dylib
0x000000001eae3000 	/System/Library/PrivateFrameworks/AppleJPEG.framework/Versions/A/AppleJPEG
0x000000001eae3000 	/System/Library/Frameworks/OpenGL.framework/Versions/A/Libraries/libGFXShared.dylib
0x000000001eae3000 	/System/Library/Frameworks/OpenGL.framework/Versions/A/Libraries/libGLU.dylib
0x000000001eae3000 	/System/Library/Frameworks/OpenGL.framework/Versions/A/Libraries/libGL.dylib
0x000000001eae3000 	/System/Library/Frameworks/OpenGL.framework/Versions/A/Libraries/libGLImage.dylib
0x000000001eae3000 	/System/Library/Frameworks/OpenGL.framework/Versions/A/Libraries/libCVMSPluginSupport.dylib
0x000000001eae3000 	/System/Library/Frameworks/OpenGL.framework/Versions/A/Libraries/libCoreVMClient.dylib
0x000000001eae3000 	/usr/lib/libcups.2.dylib
0x000000001eae3000 	/System/Library/Frameworks/Kerberos.framework/Versions/A/Kerberos
0x000000001eae3000 	/System/Library/Frameworks/GSS.framework/Versions/A/GSS
0x000000001eae3000 	/usr/lib/libresolv.9.dylib
0x000000001eae3000 	/usr/lib/libiconv.2.dylib
0x000000001eae3000 	/System/Library/PrivateFrameworks/Heimdal.framework/Versions/A/Heimdal
0x000000001eae3000 	/usr/lib/libheimdal-asn1.dylib
0x000000001eae3000 	/System/Library/Frameworks/OpenDirectory.framework/Versions/A/OpenDirectory
0x000000001eae3000 	/System/Library/PrivateFrameworks/CommonAuth.framework/Versions/A/CommonAuth
0x000000001eae3000 	/System/Library/Frameworks/OpenDirectory.framework/Versions/A/Frameworks/CFOpenDirectory.framework/Versions/A/CFOpenDirectory
0x000000001eae3000 	/System/Library/Frameworks/SecurityFoundation.framework/Versions/A/SecurityFoundation
0x000000001eae3000 	/System/Library/PrivateFrameworks/APFS.framework/Versions/A/APFS
0x000000001eae3000 	/usr/lib/libutil.dylib
0x000000001eae3000 	/usr/lib/libcharset.1.dylib
0x000000001eae3000 	/System/Library/PrivateFrameworks/AppleSauce.framework/Versions/A/AppleSauce
0x000000001eae3000 	/System/Library/PrivateFrameworks/AssertionServices.framework/Versions/A/AssertionServices
0x000000001eae3000 	/System/Library/PrivateFrameworks/BaseBoard.framework/Versions/A/BaseBoard
0x000000001eae3000 	/usr/lib/libmecab.1.0.0.dylib
0x000000001eae3000 	/usr/lib/libgermantok.dylib
0x000000001eae3000 	/usr/lib/libThaiTokenizer.dylib
0x000000001eae3000 	/usr/lib/libChineseTokenizer.dylib
0x000000001eae3000 	/System/Library/PrivateFrameworks/LanguageModeling.framework/Versions/A/LanguageModeling
0x000000001eae3000 	/System/Library/PrivateFrameworks/CoreEmoji.framework/Versions/A/CoreEmoji
0x000000001eae3000 	/System/Library/PrivateFrameworks/Lexicon.framework/Versions/A/Lexicon
0x000000001eae3000 	/System/Library/PrivateFrameworks/LinguisticData.framework/Versions/A/LinguisticData
0x000000001eae3000 	/usr/lib/libcmph.dylib
0x000000001eae3000 	/System/Library/Frameworks/ServiceManagement.framework/Versions/A/ServiceManagement
0x000000001eae3000 	/System/Library/PrivateFrameworks/BackgroundTaskManagement.framework/Versions/A/BackgroundTaskManagement
0x000000001eae3000 	/usr/lib/libxslt.1.dylib
0x000000001eae3000 	/System/Library/Frameworks/Carbon.framework/Versions/A/Frameworks/Ink.framework/Versions/A/Ink
0x000000001eae3000 	/System/Library/PrivateFrameworks/TextureIO.framework/Versions/A/TextureIO
0x000000001eae3000 	/usr/lib/libate.dylib
0x000000001eae3000 	/System/Library/PrivateFrameworks/CrashReporterSupport.framework/Versions/A/CrashReporterSupport
0x000000001eae3000 	/System/Library/PrivateFrameworks/Sharing.framework/Versions/A/Sharing
0x000000001eae3000 	/System/Library/PrivateFrameworks/AuthKit.framework/Versions/A/AuthKit
0x000000001eae3000 	/System/Library/PrivateFrameworks/Apple80211.framework/Versions/A/Apple80211
0x000000001eae3000 	/System/Library/PrivateFrameworks/CoreUtils.framework/Versions/A/CoreUtils
0x000000001eae3000 	/System/Library/Frameworks/CoreWLAN.framework/Versions/A/CoreWLAN
0x000000001eae3000 	/System/Library/Frameworks/IOBluetooth.framework/Versions/A/IOBluetooth
0x000000001eae3000 	/System/Library/PrivateFrameworks/ProtocolBuffer.framework/Versions/A/ProtocolBuffer
0x000000001eae3000 	/System/Library/PrivateFrameworks/MobileKeyBag.framework/Versions/A/MobileKeyBag
0x000000001eae3000 	/System/Library/PrivateFrameworks/CorePhoneNumbers.framework/Versions/A/CorePhoneNumbers
0x000000001eae3000 	/System/Library/PrivateFrameworks/AppleIDAuthSupport.framework/Versions/A/AppleIDAuthSupport
0x000000001eae3000 	/System/Library/PrivateFrameworks/KeychainCircle.framework/Versions/A/KeychainCircle
0x000000001eae3000 	/System/Library/PrivateFrameworks/ROCKit.framework/Versions/A/ROCKit
0x000000001eae3000 	/System/Library/PrivateFrameworks/CoreWiFi.framework/Versions/A/CoreWiFi
0x000000001eae3000 	/System/Library/Frameworks/CoreBluetooth.framework/Versions/A/CoreBluetooth
0x000000001eae3000 	/System/Library/PrivateFrameworks/DebugSymbols.framework/Versions/A/DebugSymbols
0x000000001eae3000 	/System/Library/PrivateFrameworks/CoreSymbolication.framework/Versions/A/CoreSymbolication
0x000000001eae3000 	/System/Library/PrivateFrameworks/Symbolication.framework/Versions/A/Symbolication
0x000000001eae3000 	/System/Library/PrivateFrameworks/SpeechRecognitionCore.framework/Versions/A/SpeechRecognitionCore
0x000000010d800000 	/Library/Java/JavaVirtualMachines/jdk1.8.0_181.jdk/Contents/Home/jre/lib/dcevm/libjvm.dylib
0x000000001eae3000 	/usr/lib/libstdc++.6.dylib
0x000000010c621000 	/Library/Java/JavaVirtualMachines/jdk1.8.0_181.jdk/Contents/Home/jre/lib/libverify.dylib
0x000000010c62f000 	/Library/Java/JavaVirtualMachines/jdk1.8.0_181.jdk/Contents/Home/jre/lib/libjava.dylib
0x000000010c666000 	/Library/Java/JavaVirtualMachines/jdk1.8.0_181.jdk/Contents/Home/jre/lib/libjdwp.dylib
0x000000010c6b1000 	/Library/Java/JavaVirtualMachines/jdk1.8.0_181.jdk/Contents/Home/jre/lib/libnpt.dylib
0x000000010c6b5000 	/Library/Java/JavaVirtualMachines/jdk1.8.0_181.jdk/Contents/Home/jre/lib/libinstrument.dylib
0x000000010c753000 	/Library/Java/JavaVirtualMachines/jdk1.8.0_181.jdk/Contents/Home/jre/lib/libzip.dylib
0x000000010c7c5000 	/Library/Java/JavaVirtualMachines/jdk1.8.0_181.jdk/Contents/Home/jre/lib/libdt_socket.dylib
0x000000010c7ef000 	/Library/Java/JavaVirtualMachines/jdk1.8.0_181.jdk/Contents/Home/jre/lib/libnio.dylib
0x000000010fe1c000 	/Library/Java/JavaVirtualMachines/jdk1.8.0_181.jdk/Contents/Home/jre/lib/./libnet.dylib
0x00000001105ab000 	/Library/Java/JavaVirtualMachines/jdk1.8.0_181.jdk/Contents/Home/jre/lib/libmanagement.dylib

VM Arguments:
jvm_args: -agentlib:jdwp=transport=dt_socket,address=127.0.0.1:54805,suspend=y,server=n -Dmaven.multiModuleProjectDirectory=/Users/josh/Dev/irida -Dmaven.home=/Applications/IntelliJ IDEA 2018.2 EAP.app/Contents/plugins/maven/lib/maven3 -Dclassworlds.conf=/Applications/IntelliJ IDEA 2018.2 EAP.app/Contents/plugins/maven/lib/maven3/bin/m2.conf -javaagent:/Users/josh/Dev/hotswap-agent-1.3.0.jar -javaagent:/Users/josh/Library/Caches/IntelliJIdea2018.2/captureAgent/debugger-agent.jar=file:/private/var/folders/3z/p1d4w1jj02g1kt8f0zvpdr8w0000gn/T/capture.props -Dfile.encoding=UTF-8 
java_command: org.codehaus.classworlds.Launcher -Didea.version=2018.2.3 clean jetty:run -Dspring.profiles.active=dev -Dhbm.dev.auto=create
java_class_path (initial): /Applications/IntelliJ IDEA 2018.2 EAP.app/Contents/plugins/maven/lib/maven3/boot/plexus-classworlds-2.5.2.jar:/Applications/IntelliJ IDEA 2018.2 EAP.app/Contents/lib/idea_rt.jar:/Users/josh/Dev/hotswap-agent-1.3.0.jar:/Users/josh/Library/Caches/IntelliJIdea2018.2/captureAgent/debugger-agent.jar
Launcher Type: SUN_STANDARD

Environment Variables:
JAVA_HOME=/Library/Java/JavaVirtualMachines/jdk1.8.0_181.jdk/Contents/Home
PATH=/usr/local/opt/gettext/bin:/Users/josh/.nvm/versions/node/v8.10.0/bin:/Users/josh/bin:/usr/local/bin:/usr/local/mysql/bin:/usr/local/bin:/usr/bin:/bin:/usr/sbin:/sbin
SHELL=/bin/zsh

Signal Handlers:
SIGSEGV: [libjvm.dylib+0x45f382], sa_mask[0]=11111111011111110111111111111111, sa_flags=SA_ONSTACK|SA_RESTART|SA_SIGINFO
SIGBUS: [libjvm.dylib+0x45f382], sa_mask[0]=11111111011111110111111111111111, sa_flags=SA_RESTART|SA_SIGINFO
SIGFPE: [libjvm.dylib+0x388039], sa_mask[0]=11111111011111110111111111111111, sa_flags=SA_RESTART|SA_SIGINFO
SIGPIPE: [libjvm.dylib+0x388039], sa_mask[0]=11111111011111110111111111111111, sa_flags=SA_RESTART|SA_SIGINFO
SIGXFSZ: [libjvm.dylib+0x388039], sa_mask[0]=11111111011111110111111111111111, sa_flags=SA_RESTART|SA_SIGINFO
SIGILL: [libjvm.dylib+0x388039], sa_mask[0]=11111111011111110111111111111111, sa_flags=SA_RESTART|SA_SIGINFO
SIGUSR1: SIG_DFL, sa_mask[0]=00000000000000000000000000000000, sa_flags=none
SIGUSR2: [libjvm.dylib+0x38958c], sa_mask[0]=00100000000000000000000000000000, sa_flags=SA_RESTART|SA_SIGINFO
SIGHUP: [libjvm.dylib+0x3897ec], sa_mask[0]=11111111011111110111111111111111, sa_flags=SA_RESTART|SA_SIGINFO
SIGINT: [libjvm.dylib+0x3897ec], sa_mask[0]=11111111011111110111111111111111, sa_flags=SA_RESTART|SA_SIGINFO
SIGTERM: [libjvm.dylib+0x3897ec], sa_mask[0]=11111111011111110111111111111111, sa_flags=SA_RESTART|SA_SIGINFO
SIGQUIT: [libjvm.dylib+0x3897ec], sa_mask[0]=11111111011111110111111111111111, sa_flags=SA_RESTART|SA_SIGINFO


---------------  S Y S T E M  ---------------

OS:Bsduname:Darwin 18.0.0 Darwin Kernel Version 18.0.0: Wed Aug 22 20:59:21 PDT 2018; root:xnu-4903.201.2~4/RELEASE_X86_64 x86_64
rlimit: STACK 8192k, CORE 0k, NPROC 1418, NOFILE 10240, AS infinity
load average:6.51 4.28 3.49

CPU:total 8 (initial active 8) (4 cores per cpu, 2 threads per core) family 6 model 94 stepping 3, cmov, cx8, fxsr, mmx, sse, sse2, sse3, ssse3, sse4.1, sse4.2, popcnt, avx, avx2, aes, clmul, erms, rtm, 3dnowpref, lzcnt, ht, tsc, tscinvbit, bmi1, bmi2, adx

Memory: 4k page, physical 16777216k(372004k free)

/proc/meminfo:


vm_info: Dynamic Code Evolution 64-Bit Server VM (25.71-b01-dcevmlight-26) for bsd-amd64 JRE (1.8.0), built on Jul 31 2018 03:28:48 by "jenkins" with gcc 4.8.2

time: Wed Sep  5 08:46:29 2018
elapsed time: 3963 seconds (0d 1h 6m 3s)

