#
# A fatal error has been detected by the Java Runtime Environment:
#
#  SIGSEGV (0xb) at pc=0x00000001069dee09, pid=16778, tid=12547
#
# JRE version: Java(TM) SE Runtime Environment (8.0_40-b25) (build 1.8.0_40-b25)
# Java VM: Java HotSpot(TM) 64-Bit Server VM (25.40-b25 mixed mode bsd-amd64 compressed oops)
# Problematic frame:
# V  [libjvm.dylib+0x1dee09]  ConstantPoolCacheEntry::is_interesting_method_entry(Klass*)+0x35
#
# Failed to write core dump. Core dumps have been disabled. To enable core dumping, try "ulimit -c unlimited" before starting Java again
#
# If you would like to submit a bug report, please visit:
#   http://bugreport.java.com/bugreport/crash.jsp
#

---------------  T H R E A D  ---------------

Current thread (0x00007ffa43843000):  VMThread [stack: 0x000000011e6e7000,0x000000011e7e7000] [id=12547]

siginfo: si_signo: 11 (SIGSEGV), si_code: 1 (SEGV_MAPERR), si_addr: 0x000000000000001b

Registers:
RAX=0x000000000000000b, RBX=0x00000007c0a6c510, RCX=0x0000000000000009, RDX=0x00007ffa4f842d20
RSP=0x000000011e7e6770, RBP=0x000000011e7e6780, RSI=0x00000007c0a6c510, RDI=0x0000000125255330
R8 =0x000000011e7e68b7, R9 =0x00000000fffffc00, R10=0x0000000000000001, R11=0x00007ffa4f842d20
R12=0x0000000127cbab18, R13=0x0000000000000000, R14=0x0000000127cbab18, R15=0x00007ffa4f842cd0
RIP=0x00000001069dee09, EFLAGS=0x0000000000010206, ERR=0x0000000000000004
  TRAPNO=0x000000000000000e

Top of Stack: (sp=0x000000011e7e6770)
0x000000011e7e6770:   0000000000000009 00007ffa4f842d20
0x000000011e7e6780:   000000011e7e67e0 00000001069df55d
0x000000011e7e6790:   0000000127ccb060 00000007c0a6c510
0x000000011e7e67a0:   0000000127cbaae8 0000000106aaa7fa
0x000000011e7e67b0:   000000011e7e68b7 00000007c0bec028
0x000000011e7e67c0:   00007ffa43843000 0000000000000000
0x000000011e7e67d0:   0000000127cba848 00007ffa43843000
0x000000011e7e67e0:   000000011e7e6900 0000000106b85e32
0x000000011e7e67f0:   000000011e7e69d0 0000000000000009
0x000000011e7e6800:   0000000000000000 0000000000000000
0x000000011e7e6810:   00000007c0a6c510 0000000000000000
0x000000011e7e6820:   000000011e7e6940 0000000106aab572
0x000000011e7e6830:   00007ffa43843000 0000000100000009
0x000000011e7e6840:   000000012742bf40 00007ffa43843000
0x000000011e7e6850:   0000000000000000 0000000700000000
0x000000011e7e6860:   0000000000000000 0000000127ccb060
0x000000011e7e6870:   00007ffa43843000 00007ffa43843000
0x000000011e7e6880:   00007ffa43417fa0 00007ffa43417fe0
0x000000011e7e6890:   00007ffa43417ff0 00007ffa434180c8
0x000000011e7e68a0:   00000000000000d8 000000011e7e6a20
0x000000011e7e68b0:   00007ffa43417fe0 00007ffa43417ff0
0x000000011e7e68c0:   00007ffa434180c8 0000000127cba848
0x000000011e7e68d0:   0000000127cba848 00000007c0bec028
0x000000011e7e68e0:   0000000000000000 0000000000000000
0x000000011e7e68f0:   000000011e7e69d0 0000000000000000
0x000000011e7e6900:   000000011e7e6920 0000000106987d2c
0x000000011e7e6910:   00007ffa35c34260 000000011e7e69d0
0x000000011e7e6920:   000000011e7e6940 0000000106987f4f
0x000000011e7e6930:   00000007c0f6e628 00000007c0a6c510
0x000000011e7e6940:   000000011e7e6a80 0000000106b88098
0x000000011e7e6950:   000000012742bf40 0000000745c7aff0
0x000000011e7e6960:   00007ffa43843000 0000000120517960 

Instructions: (pc=0x00000001069dee09)
0x00000001069dede9:   49 89 fe 49 8b 46 18 a9 00 00 10 00 74 06 4d 8b
0x00000001069dedf9:   76 10 eb 17 49 8b 7e 08 48 85 ff 74 43 48 8b 07
0x00000001069dee09:   ff 50 10 84 c0 74 39 4d 8b 76 08 4d 85 f6 74 30
0x00000001069dee19:   49 8b 06 4c 89 f7 ff 50 10 84 c0 74 23 48 85 db 

Register to memory mapping:

RAX=0x000000000000000b is an unknown value
RBX=0x00000007c0a6c510 is pointing into metadata
RCX=0x0000000000000009 is an unknown value
RDX=0x00007ffa4f842d20 is an unknown value
RSP=0x000000011e7e6770 is an unknown value
RBP=0x000000011e7e6780 is an unknown value
RSI=0x00000007c0a6c510 is pointing into metadata
RDI=0x0000000125255330 is pointing into metadata
R8 =0x000000011e7e68b7 is an unknown value
R9 =0x00000000fffffc00 is an unknown value
R10=0x0000000000000001 is an unknown value
R11=0x00007ffa4f842d20 is an unknown value
R12=0x0000000127cbab18 is pointing into metadata
R13=0x0000000000000000 is an unknown value
R14=0x0000000127cbab18 is pointing into metadata
R15=0x00007ffa4f842cd0 is an unknown value


Stack: [0x000000011e6e7000,0x000000011e7e7000],  sp=0x000000011e7e6770,  free space=1021k
Native frames: (J=compiled Java code, j=interpreted, Vv=VM code, C=native code)
V  [libjvm.dylib+0x1dee09]  ConstantPoolCacheEntry::is_interesting_method_entry(Klass*)+0x35
V  [libjvm.dylib+0x1df55d]  ConstantPoolCache::adjust_method_entries(Method**, Method**, int, bool*)+0x57
V  [libjvm.dylib+0x385e32]  VM_RedefineClasses::AdjustCpoolCacheAndVtable::do_klass(Klass*)+0x2d2
V  [libjvm.dylib+0x187d2c]  ClassLoaderData::classes_do(KlassClosure*)+0x1e
V  [libjvm.dylib+0x187f4f]  ClassLoaderDataGraph::classes_do(KlassClosure*)+0x21
V  [libjvm.dylib+0x388098]  VM_RedefineClasses::redefine_single_class(_jclass*, Klass*, Thread*)+0x406
V  [libjvm.dylib+0x38616a]  VM_RedefineClasses::doit()+0x110
V  [libjvm.dylib+0x595f7d]  VM_Operation::evaluate()+0x4f
V  [libjvm.dylib+0x5945e9]  VMThread::evaluate_operation(VM_Operation*)+0xdf
V  [libjvm.dylib+0x594a36]  VMThread::loop()+0x328
V  [libjvm.dylib+0x594355]  VMThread::run()+0x79
V  [libjvm.dylib+0x46ea8e]  java_start(Thread*)+0xf6
C  [libsystem_pthread.dylib+0x3268]  _pthread_body+0x83
C  [libsystem_pthread.dylib+0x31e5]  _pthread_body+0x0
C  [libsystem_pthread.dylib+0x141d]  thread_start+0xd

VM_Operation (0x0000000120517960): RedefineClasses, mode: safepoint, requested by thread 0x00007ffa47002000


---------------  P R O C E S S  ---------------

Java Threads: ( => current thread )
  0x00007ffa34a22800 JavaThread "qtp1294180869-235" [_thread_blocked, id=30735, stack(0x000000012327c000,0x000000012337c000)]
  0x00007ffa48753800 JavaThread "qtp1294180869-234" [_thread_blocked, id=33591, stack(0x0000000122ec8000,0x0000000122fc8000)]
  0x00007ffa486f8000 JavaThread "qtp1294180869-233" [_thread_blocked, id=35595, stack(0x000000012295e000,0x0000000122a5e000)]
  0x00007ffa4f9d7800 JavaThread "qtp1294180869-232" [_thread_blocked, id=32703, stack(0x0000000122cb2000,0x0000000122db2000)]
  0x00007ffa4ad85800 JavaThread "Abandoned connection cleanup thread" daemon [_thread_blocked, id=17935, stack(0x0000000127b77000,0x0000000127c77000)]
  0x00007ffa48cf0800 JavaThread "Abandoned connection cleanup thread" daemon [_thread_blocked, id=23311, stack(0x000000012a512000,0x000000012a612000)]
  0x00007ffa45e21800 JavaThread "Scanner-0" daemon [_thread_blocked, id=30995, stack(0x0000000125b6c000,0x0000000125c6c000)]
  0x00007ffa4ca1f000 JavaThread "Abandoned connection cleanup thread" daemon [_thread_blocked, id=28675, stack(0x0000000124992000,0x0000000124a92000)]
  0x00007ffa48fdb000 JavaThread "qtp1294180869-30-selector-ServerConnectorManager@1f513676/2" [_thread_in_native, id=27143, stack(0x0000000122baf000,0x0000000122caf000)]
  0x00007ffa51d0f000 JavaThread "qtp1294180869-29-selector-ServerConnectorManager@1f513676/0" [_thread_in_native, id=27651, stack(0x0000000123d90000,0x0000000123e90000)]
  0x00007ffa4f24f000 JavaThread "qtp1294180869-27-selector-ServerConnectorManager@1f513676/7" [_thread_in_native, id=26627, stack(0x0000000123999000,0x0000000123a99000)]
  0x00007ffa4f24e800 JavaThread "qtp1294180869-26-selector-ServerConnectorManager@1f513676/1" [_thread_in_native, id=26115, stack(0x0000000123896000,0x0000000123996000)]
  0x00007ffa4f0f1000 JavaThread "qtp1294180869-25-selector-ServerConnectorManager@1f513676/4" [_thread_in_native, id=25603, stack(0x0000000123793000,0x0000000123893000)]
  0x00007ffa4f6df800 JavaThread "qtp1294180869-24-acceptor-0-ServerConnector@2f175c72{HTTP/1.1}{0.0.0.0:8080}" [_thread_in_native, id=24071, stack(0x0000000123690000,0x0000000123790000)]
  0x00007ffa4639e000 JavaThread "qtp1294180869-23-selector-ServerConnectorManager@1f513676/5" [_thread_in_native, id=23815, stack(0x000000012358d000,0x000000012368d000)]
  0x00007ffa4f592000 JavaThread "qtp1294180869-21-selector-ServerConnectorManager@1f513676/6" [_thread_in_native, id=14855, stack(0x0000000122dc5000,0x0000000122ec5000)]
  0x00007ffa4f1ff000 JavaThread "qtp1294180869-20-selector-ServerConnectorManager@1f513676/3" [_thread_in_native, id=14347, stack(0x0000000122aac000,0x0000000122bac000)]
  0x00007ffa502af800 JavaThread "ShutdownMonitor" daemon [_thread_in_native, id=24839, stack(0x000000012215e000,0x000000012225e000)]
  0x00007ffa43854000 JavaThread "Service Thread" daemon [_thread_blocked, id=22275, stack(0x0000000120b2d000,0x0000000120c2d000)]
  0x00007ffa4384b000 JavaThread "C1 CompilerThread3" daemon [_thread_blocked, id=21763, stack(0x0000000120a2a000,0x0000000120b2a000)]
  0x00007ffa45802800 JavaThread "C2 CompilerThread2" daemon [_thread_blocked, id=21251, stack(0x0000000120927000,0x0000000120a27000)]
  0x00007ffa45821000 JavaThread "C2 CompilerThread1" daemon [_thread_blocked, id=20739, stack(0x0000000120824000,0x0000000120924000)]
  0x00007ffa4480d800 JavaThread "C2 CompilerThread0" daemon [_thread_blocked, id=20227, stack(0x0000000120721000,0x0000000120821000)]
  0x00007ffa47008000 JavaThread "JDWP Command Reader" daemon [_thread_in_native, id=19715, stack(0x000000012061e000,0x000000012071e000)]
  0x00007ffa46001000 JavaThread "JDWP Event Helper Thread" daemon [_thread_blocked, id=19203, stack(0x000000012051b000,0x000000012061b000)]
  0x00007ffa47002000 JavaThread "JDWP Transport Listener: dt_socket" daemon [_thread_blocked, id=18691, stack(0x0000000120418000,0x0000000120518000)]
  0x00007ffa4480c000 JavaThread "Signal Dispatcher" daemon [_thread_blocked, id=15627, stack(0x000000012030e000,0x000000012040e000)]
  0x00007ffa44827000 JavaThread "Finalizer" daemon [_thread_blocked, id=13571, stack(0x000000011e8ed000,0x000000011e9ed000)]
  0x00007ffa44826000 JavaThread "Reference Handler" daemon [_thread_blocked, id=13059, stack(0x000000011e7ea000,0x000000011e8ea000)]
  0x00007ffa4380a000 JavaThread "main" [_thread_blocked, id=4867, stack(0x000000010776a000,0x000000010786a000)]

Other Threads:
=>0x00007ffa43843000 VMThread [stack: 0x000000011e6e7000,0x000000011e7e7000] [id=12547]
  0x00007ffa45824000 WatcherThread [stack: 0x0000000120c30000,0x0000000120d30000] [id=22787]

VM state:at safepoint (normal execution)

VM Mutex/Monitor currently owned by a thread:  ([mutex/lock_event])
[0x00007ffa434089e0] Threads_lock - owner thread: 0x00007ffa43843000

Heap:
 PSYoungGen      total 568832K, used 27724K [0x0000000795580000, 0x00000007b8a00000, 0x00000007c0000000)
  eden space 565760K, 4% used [0x0000000795580000,0x0000000796d931b8,0x00000007b7e00000)
  from space 3072K, 100% used [0x00000007b8280000,0x00000007b8580000,0x00000007b8580000)
  to   space 4608K, 0% used [0x00000007b7e00000,0x00000007b7e00000,0x00000007b8280000)
 ParOldGen       total 327168K, used 264648K [0x0000000740000000, 0x0000000753f80000, 0x0000000795580000)
  object space 327168K, 80% used [0x0000000740000000,0x0000000750272310,0x0000000753f80000)
 Metaspace       used 208373K, capacity 210936K, committed 211276K, reserved 1232896K
  class space    used 26412K, capacity 26922K, committed 27008K, reserved 1048576K

Card table byte_map: [0x0000000116cac000,0x00000001170ad000] byte_map_base: 0x00000001132ac000

Marking Bits: (ParMarkBitMap*) 0x00000001070c27a0
 Begin Bits: [0x0000000117b70000, 0x0000000119b70000)
 End Bits:   [0x0000000119b70000, 0x000000011bb70000)

Polling page: 0x00000001057e2000

CodeCache: size=245760Kb used=106009Kb max_used=109186Kb free=139750Kb
 bounds [0x00000001078ec000, 0x000000010e42c000, 0x00000001168ec000]
 total_blobs=25657 nmethods=25026 adapters=548
 compilation: enabled

Compilation events (10 events):
Event: 11520.240 Thread 0x00007ffa45802800 32634       4       java.util.HashMap::remove (26 bytes)
Event: 11520.250 Thread 0x00007ffa45802800 nmethod 32634 0x000000010c6fbbd0 code [0x000000010c6fbd60, 0x000000010c6fc638]
Event: 11520.648 Thread 0x00007ffa4384b000 32635       3       org.eclipse.jetty.util.statistic.CounterStatistic::increment (6 bytes)
Event: 11520.649 Thread 0x00007ffa4384b000 nmethod 32635 0x000000010ce6a0d0 code [0x000000010ce6a260, 0x000000010ce6a6a8]
Event: 11520.649 Thread 0x00007ffa4384b000 32636       3       org.eclipse.jetty.annotations.AnnotationConfiguration$ParserTask::<init> (32 bytes)
Event: 11520.650 Thread 0x00007ffa4384b000 nmethod 32636 0x000000010bc81950 code [0x000000010bc81ac0, 0x000000010bc81cf0]
Event: 11520.650 Thread 0x00007ffa4384b000 32637       3       org.eclipse.jetty.annotations.AnnotationConfiguration::getFragmentFromJar (59 bytes)
Event: 11520.786 Thread 0x00007ffa4384b000 nmethod 32637 0x000000010e2c3150 code [0x000000010e2c3320, 0x000000010e2c3aa8]
Event: 11520.789 Thread 0x00007ffa4384b000 32638       3       org.eclipse.jetty.annotations.AnnotationConfiguration$ContainerClassNameResolver::isExcluded (28 bytes)
Event: 11520.790 Thread 0x00007ffa4384b000 nmethod 32638 0x000000010ddd9d10 code [0x000000010ddd9ec0, 0x000000010ddda498]

GC Heap History (10 events):
Event: 10962.479 GC heap before
{Heap before GC invocations=128 (full 6):
 PSYoungGen      total 565248K, used 561856K [0x0000000795580000, 0x00000007b8300000, 0x00000007c0000000)
  eden space 561152K, 100% used [0x0000000795580000,0x00000007b7980000,0x00000007b7980000)
  from space 4096K, 17% used [0x00000007b7980000,0x00000007b7a30000,0x00000007b7d80000)
  to   space 3584K, 0% used [0x00000007b7f80000,0x00000007b7f80000,0x00000007b8300000)
 ParOldGen       total 327168K, used 262714K [0x0000000740000000, 0x0000000753f80000, 0x0000000795580000)
  object space 327168K, 80% used [0x0000000740000000,0x000000075008e868,0x0000000753f80000)
 Metaspace       used 208303K, capacity 210898K, committed 211276K, reserved 1232896K
  class space    used 26406K, capacity 26888K, committed 27008K, reserved 1048576K
Event: 10962.613 GC heap after
Heap after GC invocations=128 (full 6):
 PSYoungGen      total 567296K, used 576K [0x0000000795580000, 0x00000007b8380000, 0x00000007c0000000)
  eden space 563712K, 0% used [0x0000000795580000,0x0000000795580000,0x00000007b7c00000)
  from space 3584K, 16% used [0x00000007b7f80000,0x00000007b8010000,0x00000007b8300000)
  to   space 3584K, 0% used [0x00000007b7c00000,0x00000007b7c00000,0x00000007b7f80000)
 ParOldGen       total 327168K, used 262714K [0x0000000740000000, 0x0000000753f80000, 0x0000000795580000)
  object space 327168K, 80% used [0x0000000740000000,0x000000075008e868,0x0000000753f80000)
 Metaspace       used 208303K, capacity 210898K, committed 211276K, reserved 1232896K
  class space    used 26406K, capacity 26888K, committed 27008K, reserved 1048576K
}
Event: 11116.563 GC heap before
{Heap before GC invocations=129 (full 6):
 PSYoungGen      total 567296K, used 564288K [0x0000000795580000, 0x00000007b8380000, 0x00000007c0000000)
  eden space 563712K, 100% used [0x0000000795580000,0x00000007b7c00000,0x00000007b7c00000)
  from space 3584K, 16% used [0x00000007b7f80000,0x00000007b8010000,0x00000007b8300000)
  to   space 3584K, 0% used [0x00000007b7c00000,0x00000007b7c00000,0x00000007b7f80000)
 ParOldGen       total 327168K, used 262714K [0x0000000740000000, 0x0000000753f80000, 0x0000000795580000)
  object space 327168K, 80% used [0x0000000740000000,0x000000075008e868,0x0000000753f80000)
 Metaspace       used 208303K, capacity 210898K, committed 211276K, reserved 1232896K
  class space    used 26406K, capacity 26888K, committed 27008K, reserved 1048576K
Event: 11116.570 GC heap after
Heap after GC invocations=129 (full 6):
 PSYoungGen      total 567296K, used 576K [0x0000000795580000, 0x00000007b8580000, 0x00000007c0000000)
  eden space 563712K, 0% used [0x0000000795580000,0x0000000795580000,0x00000007b7c00000)
  from space 3584K, 16% used [0x00000007b7c00000,0x00000007b7c90000,0x00000007b7f80000)
  to   space 3584K, 0% used [0x00000007b8200000,0x00000007b8200000,0x00000007b8580000)
 ParOldGen       total 327168K, used 262714K [0x0000000740000000, 0x0000000753f80000, 0x0000000795580000)
  object space 327168K, 80% used [0x0000000740000000,0x000000075008e868,0x0000000753f80000)
 Metaspace       used 208303K, capacity 210898K, committed 211276K, reserved 1232896K
  class space    used 26406K, capacity 26888K, committed 27008K, reserved 1048576K
}
Event: 11268.634 GC heap before
{Heap before GC invocations=130 (full 6):
 PSYoungGen      total 567296K, used 564288K [0x0000000795580000, 0x00000007b8580000, 0x00000007c0000000)
  eden space 563712K, 100% used [0x0000000795580000,0x00000007b7c00000,0x00000007b7c00000)
  from space 3584K, 16% used [0x00000007b7c00000,0x00000007b7c90000,0x00000007b7f80000)
  to   space 3584K, 0% used [0x00000007b8200000,0x00000007b8200000,0x00000007b8580000)
 ParOldGen       total 327168K, used 262714K [0x0000000740000000, 0x0000000753f80000, 0x0000000795580000)
  object space 327168K, 80% used [0x0000000740000000,0x000000075008e868,0x0000000753f80000)
 Metaspace       used 208303K, capacity 210898K, committed 211276K, reserved 1232896K
  class space    used 26406K, capacity 26888K, committed 27008K, reserved 1048576K
Event: 11268.645 GC heap after
Heap after GC invocations=130 (full 6):
 PSYoungGen      total 567808K, used 640K [0x0000000795580000, 0x00000007b8400000, 0x00000007c0000000)
  eden space 565760K, 0% used [0x0000000795580000,0x0000000795580000,0x00000007b7e00000)
  from space 2048K, 31% used [0x00000007b8200000,0x00000007b82a0000,0x00000007b8400000)
  to   space 3072K, 0% used [0x00000007b7e00000,0x00000007b7e00000,0x00000007b8100000)
 ParOldGen       total 327168K, used 262714K [0x0000000740000000, 0x0000000753f80000, 0x0000000795580000)
  object space 327168K, 80% used [0x0000000740000000,0x000000075008e868,0x0000000753f80000)
 Metaspace       used 208303K, capacity 210898K, committed 211276K, reserved 1232896K
  class space    used 26406K, capacity 26888K, committed 27008K, reserved 1048576K
}
Event: 11423.732 GC heap before
{Heap before GC invocations=131 (full 6):
 PSYoungGen      total 567808K, used 566400K [0x0000000795580000, 0x00000007b8400000, 0x00000007c0000000)
  eden space 565760K, 100% used [0x0000000795580000,0x00000007b7e00000,0x00000007b7e00000)
  from space 2048K, 31% used [0x00000007b8200000,0x00000007b82a0000,0x00000007b8400000)
  to   space 3072K, 0% used [0x00000007b7e00000,0x00000007b7e00000,0x00000007b8100000)
 ParOldGen       total 327168K, used 262714K [0x0000000740000000, 0x0000000753f80000, 0x0000000795580000)
  object space 327168K, 80% used [0x0000000740000000,0x000000075008e868,0x0000000753f80000)
 Metaspace       used 208304K, capacity 210898K, committed 211276K, reserved 1232896K
  class space    used 26406K, capacity 26888K, committed 27008K, reserved 1048576K
Event: 11423.740 GC heap after
Heap after GC invocations=131 (full 6):
 PSYoungGen      total 568832K, used 544K [0x0000000795580000, 0x00000007b8580000, 0x00000007c0000000)
  eden space 565760K, 0% used [0x0000000795580000,0x0000000795580000,0x00000007b7e00000)
  from space 3072K, 17% used [0x00000007b7e00000,0x00000007b7e88000,0x00000007b8100000)
  to   space 3072K, 0% used [0x00000007b8280000,0x00000007b8280000,0x00000007b8580000)
 ParOldGen       total 327168K, used 262714K [0x0000000740000000, 0x0000000753f80000, 0x0000000795580000)
  object space 327168K, 80% used [0x0000000740000000,0x000000075008e868,0x0000000753f80000)
 Metaspace       used 208304K, capacity 210898K, committed 211276K, reserved 1232896K
  class space    used 26406K, capacity 26888K, committed 27008K, reserved 1048576K
}
Event: 11520.652 GC heap before
{Heap before GC invocations=132 (full 6):
 PSYoungGen      total 568832K, used 566304K [0x0000000795580000, 0x00000007b8580000, 0x00000007c0000000)
  eden space 565760K, 100% used [0x0000000795580000,0x00000007b7e00000,0x00000007b7e00000)
  from space 3072K, 17% used [0x00000007b7e00000,0x00000007b7e88000,0x00000007b8100000)
  to   space 3072K, 0% used [0x00000007b8280000,0x00000007b8280000,0x00000007b8580000)
 ParOldGen       total 327168K, used 262714K [0x0000000740000000, 0x0000000753f80000, 0x0000000795580000)
  object space 327168K, 80% used [0x0000000740000000,0x000000075008e868,0x0000000753f80000)
 Metaspace       used 208370K, capacity 210936K, committed 211276K, reserved 1232896K
  class space    used 26412K, capacity 26922K, committed 27008K, reserved 1048576K
Event: 11520.785 GC heap after
Heap after GC invocations=132 (full 6):
 PSYoungGen      total 568832K, used 3072K [0x0000000795580000, 0x00000007b8a00000, 0x00000007c0000000)
  eden space 565760K, 0% used [0x0000000795580000,0x0000000795580000,0x00000007b7e00000)
  from space 3072K, 100% used [0x00000007b8280000,0x00000007b8580000,0x00000007b8580000)
  to   space 4608K, 0% used [0x00000007b7e00000,0x00000007b7e00000,0x00000007b8280000)
 ParOldGen       total 327168K, used 264648K [0x0000000740000000, 0x0000000753f80000, 0x0000000795580000)
  object space 327168K, 80% used [0x0000000740000000,0x0000000750272310,0x0000000753f80000)
 Metaspace       used 208370K, capacity 210936K, committed 211276K, reserved 1232896K
  class space    used 26412K, capacity 26922K, committed 27008K, reserved 1048576K
}

Deoptimization events (10 events):
Event: 4054.458 Thread 0x00007ffa34b10800 Uncommon trap: reason=class_check action=maybe_recompile pc=0x000000010e306c40 method=org.springframework.core.ResolvableType.forMethodParameter(Lorg/springframework/core/MethodParameter;Ljava/lang/reflect/Type;)Lorg/springframework/core/ResolvableType; @
Event: 4054.459 Thread 0x00007ffa34b10800 Uncommon trap: reason=class_check action=maybe_recompile pc=0x000000010e306c40 method=org.springframework.core.ResolvableType.forMethodParameter(Lorg/springframework/core/MethodParameter;Ljava/lang/reflect/Type;)Lorg/springframework/core/ResolvableType; @
Event: 5855.256 Thread 0x00007ffa43d19000 Uncommon trap: reason=unstable_if action=reinterpret pc=0x000000010ca2e888 method=org.unbescape.html.HtmlEscapeSymbols.<init>(Lorg/unbescape/html/HtmlEscapeSymbols$References;[B)V @ 423
Event: 5855.279 Thread 0x00007ffa43d19000 Uncommon trap: reason=unstable_if action=reinterpret pc=0x000000010bc176a0 method=org.unbescape.html.HtmlEscapeSymbols.<init>(Lorg/unbescape/html/HtmlEscapeSymbols$References;[B)V @ 337
Event: 5855.300 Thread 0x00007ffa43d19000 Uncommon trap: reason=unstable_if action=reinterpret pc=0x000000010c651620 method=org.thymeleaf.templateparser.TemplatePreprocessingReader.match([III[CII)I @ 451
Event: 11518.058 Thread 0x00007ffa45e21800 Uncommon trap: reason=unstable_if action=reinterpret pc=0x000000010e41b7b4 method=org.eclipse.jetty.util.Scanner.reportDifferences(Ljava/util/Map;Ljava/util/Map;)V @ 289
Event: 11518.063 Thread 0x00007ffa45e21800 Uncommon trap: reason=null_check action=make_not_entrant pc=0x000000010db4f358 method=org.eclipse.jetty.util.Scanner$TimeNSize.equals(Ljava/lang/Object;)Z @ 1
Event: 11519.644 Thread 0x00007ffa45e21800 Uncommon trap: reason=unstable_if action=reinterpret pc=0x000000010c77b1e8 method=org.springframework.util.ConcurrentReferenceHashMap$Segment.restructureIfNecessary(Z)V @ 33
Event: 11520.098 Thread 0x00007ffa45e21800 Uncommon trap: reason=class_check action=maybe_recompile pc=0x000000010b3c5f64 method=java.util.HashMap.removeNode(ILjava/lang/Object;Ljava/lang/Object;ZZ)Ljava/util/HashMap$Node; @ 143
Event: 11520.607 Thread 0x00007ffa45e21800 Uncommon trap: reason=class_check action=maybe_recompile pc=0x000000010853ebf8 method=java.util.Hashtable.clone()Ljava/lang/Object; @ 4

Internal exceptions (10 events):
Event: 11520.631 Thread 0x00007ffa45e21800 Exception <a 'java/security/PrivilegedActionException'> (0x00000007b75fa568) thrown at [/Users/java_re/workspace/8-2-build-macosx-x86_64/jdk8u40/2855/hotspot/src/share/vm/prims/jvm.cpp, line 1382]
Event: 11520.632 Thread 0x00007ffa45e21800 Exception <a 'java/security/PrivilegedActionException'> (0x00000007b75fa8b0) thrown at [/Users/java_re/workspace/8-2-build-macosx-x86_64/jdk8u40/2855/hotspot/src/share/vm/prims/jvm.cpp, line 1382]
Event: 11520.637 Thread 0x00007ffa45e21800 Exception <a 'java/security/PrivilegedActionException'> (0x00000007b769e310) thrown at [/Users/java_re/workspace/8-2-build-macosx-x86_64/jdk8u40/2855/hotspot/src/share/vm/prims/jvm.cpp, line 1382]
Event: 11520.638 Thread 0x00007ffa45e21800 Exception <a 'java/security/PrivilegedActionException'> (0x00000007b769e658) thrown at [/Users/java_re/workspace/8-2-build-macosx-x86_64/jdk8u40/2855/hotspot/src/share/vm/prims/jvm.cpp, line 1382]
Event: 11520.638 Thread 0x00007ffa45e21800 Exception <a 'java/security/PrivilegedActionException'> (0x00000007b769f620) thrown at [/Users/java_re/workspace/8-2-build-macosx-x86_64/jdk8u40/2855/hotspot/src/share/vm/prims/jvm.cpp, line 1382]
Event: 11520.638 Thread 0x00007ffa45e21800 Exception <a 'java/security/PrivilegedActionException'> (0x00000007b769f968) thrown at [/Users/java_re/workspace/8-2-build-macosx-x86_64/jdk8u40/2855/hotspot/src/share/vm/prims/jvm.cpp, line 1382]
Event: 11520.638 Thread 0x00007ffa45e21800 Exception <a 'java/security/PrivilegedActionException'> (0x00000007b76a0980) thrown at [/Users/java_re/workspace/8-2-build-macosx-x86_64/jdk8u40/2855/hotspot/src/share/vm/prims/jvm.cpp, line 1382]
Event: 11520.638 Thread 0x00007ffa45e21800 Exception <a 'java/security/PrivilegedActionException'> (0x00000007b76a0cc8) thrown at [/Users/java_re/workspace/8-2-build-macosx-x86_64/jdk8u40/2855/hotspot/src/share/vm/prims/jvm.cpp, line 1382]
Event: 11520.638 Thread 0x00007ffa45e21800 Exception <a 'java/security/PrivilegedActionException'> (0x00000007b76a1c90) thrown at [/Users/java_re/workspace/8-2-build-macosx-x86_64/jdk8u40/2855/hotspot/src/share/vm/prims/jvm.cpp, line 1382]
Event: 11520.638 Thread 0x00007ffa45e21800 Exception <a 'java/security/PrivilegedActionException'> (0x00000007b76a1fd8) thrown at [/Users/java_re/workspace/8-2-build-macosx-x86_64/jdk8u40/2855/hotspot/src/share/vm/prims/jvm.cpp, line 1382]

Events (10 events):
Event: 11520.638 Thread 0x00007ffa45e21800 DEOPT PACKING pc=0x0000000108bc5194 sp=0x0000000125c694d0
Event: 11520.638 Thread 0x00007ffa45e21800 DEOPT UNPACKING pc=0x0000000107933633 sp=0x0000000125c69220 mode 1
Event: 11520.638 Thread 0x00007ffa45e21800 DEOPT PACKING pc=0x000000010841a254 sp=0x0000000125c69fd0
Event: 11520.638 Thread 0x00007ffa45e21800 DEOPT UNPACKING pc=0x0000000107933633 sp=0x0000000125c69d48 mode 1
Event: 11520.650 Thread 0x00007ffa486f8000 Thread added: 0x00007ffa486f8000
Event: 11520.650 Thread 0x00007ffa48753800 Thread added: 0x00007ffa48753800
Event: 11520.650 Executing VM operation: ParallelGCFailedAllocation
Event: 11520.785 Executing VM operation: ParallelGCFailedAllocation done
Event: 11520.785 Thread 0x00007ffa34a22800 Thread added: 0x00007ffa34a22800
Event: 11520.823 Executing VM operation: RedefineClasses


Dynamic libraries:
0x00000000006e0000 	/System/Library/Frameworks/Cocoa.framework/Versions/A/Cocoa
0x00000000006e0000 	/System/Library/Frameworks/Security.framework/Versions/A/Security
0x00000000006e0000 	/System/Library/Frameworks/ApplicationServices.framework/Versions/A/ApplicationServices
0x00000000006e0000 	/usr/lib/libz.1.dylib
0x00000000006e0000 	/usr/lib/libSystem.B.dylib
0x00000000006e0000 	/usr/lib/libobjc.A.dylib
0x00000000006e0000 	/System/Library/Frameworks/CoreFoundation.framework/Versions/A/CoreFoundation
0x00000000006e0000 	/System/Library/Frameworks/Foundation.framework/Versions/C/Foundation
0x00000000006e0000 	/System/Library/Frameworks/AppKit.framework/Versions/C/AppKit
0x00000000006e0000 	/System/Library/Frameworks/CoreData.framework/Versions/A/CoreData
0x00000000006e0000 	/System/Library/PrivateFrameworks/RemoteViewServices.framework/Versions/A/RemoteViewServices
0x00000000006e0000 	/System/Library/PrivateFrameworks/UIFoundation.framework/Versions/A/UIFoundation
0x00000000006e0000 	/System/Library/Frameworks/IOSurface.framework/Versions/A/IOSurface
0x00000000006e0000 	/System/Library/Frameworks/AudioToolbox.framework/Versions/A/AudioToolbox
0x00000000006e0000 	/System/Library/Frameworks/AudioUnit.framework/Versions/A/AudioUnit
0x00000000006e0000 	/System/Library/PrivateFrameworks/DataDetectorsCore.framework/Versions/A/DataDetectorsCore
0x00000000006e0000 	/System/Library/PrivateFrameworks/DesktopServicesPriv.framework/Versions/A/DesktopServicesPriv
0x00000000006e0000 	/System/Library/Frameworks/Carbon.framework/Versions/A/Frameworks/HIToolbox.framework/Versions/A/HIToolbox
0x00000000006e0000 	/System/Library/Frameworks/QuartzCore.framework/Versions/A/QuartzCore
0x00000000006e0000 	/System/Library/Frameworks/Carbon.framework/Versions/A/Frameworks/SpeechRecognition.framework/Versions/A/SpeechRecognition
0x00000000006e0000 	/usr/lib/libauto.dylib
0x00000000006e0000 	/usr/lib/libicucore.A.dylib
0x00000000006e0000 	/usr/lib/libxml2.2.dylib
0x00000000006e0000 	/System/Library/PrivateFrameworks/CoreUI.framework/Versions/A/CoreUI
0x00000000006e0000 	/System/Library/Frameworks/CoreAudio.framework/Versions/A/CoreAudio
0x00000000006e0000 	/System/Library/Frameworks/DiskArbitration.framework/Versions/A/DiskArbitration
0x00000000006e0000 	/usr/lib/liblangid.dylib
0x00000000006e0000 	/System/Library/PrivateFrameworks/MultitouchSupport.framework/Versions/A/MultitouchSupport
0x00000000006e0000 	/System/Library/Frameworks/IOKit.framework/Versions/A/IOKit
0x00000000006e0000 	/usr/lib/libDiagnosticMessagesClient.dylib
0x00000000006e0000 	/System/Library/Frameworks/CoreServices.framework/Versions/A/CoreServices
0x00000000006e0000 	/System/Library/PrivateFrameworks/PerformanceAnalysis.framework/Versions/A/PerformanceAnalysis
0x00000000006e0000 	/System/Library/PrivateFrameworks/GenerationalStorage.framework/Versions/A/GenerationalStorage
0x00000000006e0000 	/System/Library/Frameworks/OpenGL.framework/Versions/A/OpenGL
0x00000000006e0000 	/System/Library/PrivateFrameworks/Sharing.framework/Versions/A/Sharing
0x00000000006e0000 	/System/Library/Frameworks/CoreGraphics.framework/Versions/A/CoreGraphics
0x00000000006e0000 	/System/Library/Frameworks/CoreText.framework/Versions/A/CoreText
0x00000000006e0000 	/System/Library/Frameworks/ImageIO.framework/Versions/A/ImageIO
0x00000000006e0000 	/usr/lib/libextension.dylib
0x00000000006e0000 	/System/Library/PrivateFrameworks/Backup.framework/Versions/A/Backup
0x00000000006e0000 	/usr/lib/libarchive.2.dylib
0x00000000006e0000 	/System/Library/Frameworks/CFNetwork.framework/Versions/A/CFNetwork
0x00000000006e0000 	/System/Library/Frameworks/SystemConfiguration.framework/Versions/A/SystemConfiguration
0x00000000006e0000 	/usr/lib/libCRFSuite.dylib
0x00000000006e0000 	/usr/lib/libc++.1.dylib
0x00000000006e0000 	/usr/lib/libc++abi.dylib
0x00000000006e0000 	/usr/lib/system/libcache.dylib
0x00000000006e0000 	/usr/lib/system/libcommonCrypto.dylib
0x00000000006e0000 	/usr/lib/system/libcompiler_rt.dylib
0x00000000006e0000 	/usr/lib/system/libcopyfile.dylib
0x00000000006e0000 	/usr/lib/system/libcorecrypto.dylib
0x00000000006e0000 	/usr/lib/system/libdispatch.dylib
0x00000000006e0000 	/usr/lib/system/libdyld.dylib
0x00000000006e0000 	/usr/lib/system/libkeymgr.dylib
0x00000000006e0000 	/usr/lib/system/liblaunch.dylib
0x00000000006e0000 	/usr/lib/system/libmacho.dylib
0x00000000006e0000 	/usr/lib/system/libquarantine.dylib
0x00000000006e0000 	/usr/lib/system/libremovefile.dylib
0x00000000006e0000 	/usr/lib/system/libsystem_asl.dylib
0x00000000006e0000 	/usr/lib/system/libsystem_blocks.dylib
0x00000000006e0000 	/usr/lib/system/libsystem_c.dylib
0x00000000006e0000 	/usr/lib/system/libsystem_configuration.dylib
0x00000000006e0000 	/usr/lib/system/libsystem_coreservices.dylib
0x00000000006e0000 	/usr/lib/system/libsystem_coretls.dylib
0x00000000006e0000 	/usr/lib/system/libsystem_dnssd.dylib
0x00000000006e0000 	/usr/lib/system/libsystem_info.dylib
0x00000000006e0000 	/usr/lib/system/libsystem_kernel.dylib
0x00000000006e0000 	/usr/lib/system/libsystem_m.dylib
0x00000000006e0000 	/usr/lib/system/libsystem_malloc.dylib
0x00000000006e0000 	/usr/lib/system/libsystem_network.dylib
0x00000000006e0000 	/usr/lib/system/libsystem_networkextension.dylib
0x00000000006e0000 	/usr/lib/system/libsystem_notify.dylib
0x00000000006e0000 	/usr/lib/system/libsystem_platform.dylib
0x00000000006e0000 	/usr/lib/system/libsystem_pthread.dylib
0x00000000006e0000 	/usr/lib/system/libsystem_sandbox.dylib
0x00000000006e0000 	/usr/lib/system/libsystem_secinit.dylib
0x00000000006e0000 	/usr/lib/system/libsystem_stats.dylib
0x00000000006e0000 	/usr/lib/system/libsystem_trace.dylib
0x00000000006e0000 	/usr/lib/system/libunc.dylib
0x00000000006e0000 	/usr/lib/system/libunwind.dylib
0x00000000006e0000 	/usr/lib/system/libxpc.dylib
0x00000000006e0000 	/usr/lib/libbz2.1.0.dylib
0x00000000006e0000 	/usr/lib/liblzma.5.dylib
0x00000000006e0000 	/usr/lib/libbsm.0.dylib
0x00000000006e0000 	/usr/lib/libsqlite3.dylib
0x00000000006e0000 	/usr/lib/system/libkxld.dylib
0x00000000006e0000 	/usr/lib/libxar.1.dylib
0x00000000006e0000 	/usr/lib/libpam.2.dylib
0x00000000006e0000 	/usr/lib/libOpenScriptingUtil.dylib
0x00000000006e0000 	/System/Library/Frameworks/CoreServices.framework/Versions/A/Frameworks/FSEvents.framework/Versions/A/FSEvents
0x00000000006e0000 	/System/Library/Frameworks/CoreServices.framework/Versions/A/Frameworks/CarbonCore.framework/Versions/A/CarbonCore
0x00000000006e0000 	/System/Library/Frameworks/CoreServices.framework/Versions/A/Frameworks/Metadata.framework/Versions/A/Metadata
0x00000000006e0000 	/System/Library/Frameworks/CoreServices.framework/Versions/A/Frameworks/OSServices.framework/Versions/A/OSServices
0x00000000006e0000 	/System/Library/Frameworks/CoreServices.framework/Versions/A/Frameworks/SearchKit.framework/Versions/A/SearchKit
0x00000000006e0000 	/System/Library/Frameworks/CoreServices.framework/Versions/A/Frameworks/AE.framework/Versions/A/AE
0x00000000006e0000 	/System/Library/Frameworks/CoreServices.framework/Versions/A/Frameworks/LaunchServices.framework/Versions/A/LaunchServices
0x00000000006e0000 	/System/Library/Frameworks/CoreServices.framework/Versions/A/Frameworks/DictionaryServices.framework/Versions/A/DictionaryServices
0x00000000006e0000 	/System/Library/Frameworks/NetFS.framework/Versions/A/NetFS
0x00000000006e0000 	/System/Library/PrivateFrameworks/NetAuth.framework/Versions/A/NetAuth
0x00000000006e0000 	/System/Library/PrivateFrameworks/login.framework/Versions/A/Frameworks/loginsupport.framework/Versions/A/loginsupport
0x00000000006e0000 	/System/Library/PrivateFrameworks/TCC.framework/Versions/A/TCC
0x00000000006e0000 	/usr/lib/libmecabra.dylib
0x00000000006e0000 	/System/Library/Frameworks/ApplicationServices.framework/Versions/A/Frameworks/ATS.framework/Versions/A/ATS
0x00000000006e0000 	/System/Library/Frameworks/ApplicationServices.framework/Versions/A/Frameworks/ColorSync.framework/Versions/A/ColorSync
0x00000000006e0000 	/System/Library/Frameworks/ApplicationServices.framework/Versions/A/Frameworks/HIServices.framework/Versions/A/HIServices
0x00000000006e0000 	/System/Library/Frameworks/ApplicationServices.framework/Versions/A/Frameworks/LangAnalysis.framework/Versions/A/LangAnalysis
0x00000000006e0000 	/System/Library/Frameworks/ApplicationServices.framework/Versions/A/Frameworks/PrintCore.framework/Versions/A/PrintCore
0x00000000006e0000 	/System/Library/Frameworks/ApplicationServices.framework/Versions/A/Frameworks/QD.framework/Versions/A/QD
0x00000000006e0000 	/System/Library/Frameworks/ApplicationServices.framework/Versions/A/Frameworks/SpeechSynthesis.framework/Versions/A/SpeechSynthesis
0x00000000006e0000 	/System/Library/Frameworks/Accelerate.framework/Versions/A/Accelerate
0x00000000006e0000 	/System/Library/Frameworks/Accelerate.framework/Versions/A/Frameworks/vImage.framework/Versions/A/vImage
0x00000000006e0000 	/System/Library/Frameworks/Accelerate.framework/Versions/A/Frameworks/vecLib.framework/Versions/A/vecLib
0x00000000006e0000 	/System/Library/Frameworks/Accelerate.framework/Versions/A/Frameworks/vecLib.framework/Versions/A/libvDSP.dylib
0x00000000006e0000 	/System/Library/Frameworks/Accelerate.framework/Versions/A/Frameworks/vecLib.framework/Versions/A/libvMisc.dylib
0x00000000006e0000 	/System/Library/Frameworks/Accelerate.framework/Versions/A/Frameworks/vecLib.framework/Versions/A/libLAPACK.dylib
0x00000000006e0000 	/System/Library/Frameworks/Accelerate.framework/Versions/A/Frameworks/vecLib.framework/Versions/A/libBLAS.dylib
0x00000000006e0000 	/System/Library/Frameworks/Accelerate.framework/Versions/A/Frameworks/vecLib.framework/Versions/A/libLinearAlgebra.dylib
0x00000000006e0000 	/System/Library/Frameworks/ApplicationServices.framework/Versions/A/Frameworks/ATS.framework/Versions/A/Resources/libFontParser.dylib
0x00000000006e0000 	/System/Library/Frameworks/ApplicationServices.framework/Versions/A/Frameworks/ATS.framework/Versions/A/Resources/libFontRegistry.dylib
0x00000000006e0000 	/System/Library/PrivateFrameworks/AppleVPA.framework/Versions/A/AppleVPA
0x00000000006e0000 	/System/Library/PrivateFrameworks/AppleJPEG.framework/Versions/A/AppleJPEG
0x00000000006e0000 	/System/Library/Frameworks/ImageIO.framework/Versions/A/Resources/libJPEG.dylib
0x00000000006e0000 	/System/Library/Frameworks/ImageIO.framework/Versions/A/Resources/libTIFF.dylib
0x00000000006e0000 	/System/Library/Frameworks/ImageIO.framework/Versions/A/Resources/libPng.dylib
0x00000000006e0000 	/System/Library/Frameworks/ImageIO.framework/Versions/A/Resources/libGIF.dylib
0x00000000006e0000 	/System/Library/Frameworks/ImageIO.framework/Versions/A/Resources/libJP2.dylib
0x00000000006e0000 	/System/Library/Frameworks/ImageIO.framework/Versions/A/Resources/libRadiance.dylib
0x00000000006e0000 	/System/Library/Frameworks/CoreVideo.framework/Versions/A/CoreVideo
0x00000000006e0000 	/System/Library/Frameworks/OpenGL.framework/Versions/A/Libraries/libGLU.dylib
0x00000000006e0000 	/System/Library/Frameworks/OpenGL.framework/Versions/A/Libraries/libGFXShared.dylib
0x00000000006e0000 	/System/Library/Frameworks/OpenGL.framework/Versions/A/Libraries/libGL.dylib
0x00000000006e0000 	/System/Library/Frameworks/OpenGL.framework/Versions/A/Libraries/libGLImage.dylib
0x00000000006e0000 	/System/Library/Frameworks/OpenGL.framework/Versions/A/Libraries/libCVMSPluginSupport.dylib
0x00000000006e0000 	/System/Library/Frameworks/OpenGL.framework/Versions/A/Libraries/libCoreVMClient.dylib
0x00000000006e0000 	/usr/lib/libcups.2.dylib
0x00000000006e0000 	/System/Library/Frameworks/Kerberos.framework/Versions/A/Kerberos
0x00000000006e0000 	/System/Library/Frameworks/GSS.framework/Versions/A/GSS
0x00000000006e0000 	/usr/lib/libresolv.9.dylib
0x00000000006e0000 	/usr/lib/libiconv.2.dylib
0x00000000006e0000 	/System/Library/PrivateFrameworks/Heimdal.framework/Versions/A/Heimdal
0x00000000006e0000 	/usr/lib/libheimdal-asn1.dylib
0x00000000006e0000 	/System/Library/Frameworks/OpenDirectory.framework/Versions/A/OpenDirectory
0x00000000006e0000 	/System/Library/PrivateFrameworks/CommonAuth.framework/Versions/A/CommonAuth
0x00000000006e0000 	/System/Library/Frameworks/OpenDirectory.framework/Versions/A/Frameworks/CFOpenDirectory.framework/Versions/A/CFOpenDirectory
0x00000000006e0000 	/System/Library/Frameworks/SecurityFoundation.framework/Versions/A/SecurityFoundation
0x00000000006e0000 	/System/Library/PrivateFrameworks/LanguageModeling.framework/Versions/A/LanguageModeling
0x00000000006e0000 	/usr/lib/libcmph.dylib
0x00000000006e0000 	/System/Library/Frameworks/ServiceManagement.framework/Versions/A/ServiceManagement
0x00000000006e0000 	/usr/lib/libxslt.1.dylib
0x00000000006e0000 	/System/Library/Frameworks/Carbon.framework/Versions/A/Frameworks/Ink.framework/Versions/A/Ink
0x00000000006e0000 	/System/Library/Frameworks/QuartzCore.framework/Versions/A/Frameworks/CoreImage.framework/Versions/A/CoreImage
0x00000000006e0000 	/System/Library/PrivateFrameworks/CrashReporterSupport.framework/Versions/A/CrashReporterSupport
0x00000000006e0000 	/System/Library/Frameworks/OpenCL.framework/Versions/A/OpenCL
0x00000000006e0000 	/System/Library/PrivateFrameworks/FaceCore.framework/Versions/A/FaceCore
0x00000000006e0000 	/System/Library/PrivateFrameworks/Ubiquity.framework/Versions/A/Ubiquity
0x00000000006e0000 	/System/Library/PrivateFrameworks/IconServices.framework/Versions/A/IconServices
0x00000000006e0000 	/System/Library/PrivateFrameworks/ChunkingLibrary.framework/Versions/A/ChunkingLibrary
0x00000000006e0000 	/System/Library/PrivateFrameworks/Apple80211.framework/Versions/A/Apple80211
0x00000000006e0000 	/System/Library/Frameworks/CoreWLAN.framework/Versions/A/CoreWLAN
0x00000000006e0000 	/System/Library/Frameworks/IOBluetooth.framework/Versions/A/IOBluetooth
0x00000000006e0000 	/System/Library/PrivateFrameworks/CoreWiFi.framework/Versions/A/CoreWiFi
0x00000000006e0000 	/System/Library/Frameworks/CoreBluetooth.framework/Versions/A/CoreBluetooth
0x00000000006e0000 	/System/Library/PrivateFrameworks/DebugSymbols.framework/Versions/A/DebugSymbols
0x00000000006e0000 	/System/Library/PrivateFrameworks/CoreSymbolication.framework/Versions/A/CoreSymbolication
0x00000000006e0000 	/System/Library/PrivateFrameworks/Symbolication.framework/Versions/A/Symbolication
0x00000000006e0000 	/System/Library/PrivateFrameworks/SpeechRecognitionCore.framework/Versions/A/SpeechRecognitionCore
0x0000000106800000 	/Library/Java/JavaVirtualMachines/jdk1.8.0_40.jdk/Contents/Home/jre/lib/server/libjvm.dylib
0x00000000006e0000 	/usr/lib/libstdc++.6.dylib
0x00000001057d4000 	/Library/Java/JavaVirtualMachines/jdk1.8.0_40.jdk/Contents/Home/jre/lib/libverify.dylib
0x000000010786c000 	/Library/Java/JavaVirtualMachines/jdk1.8.0_40.jdk/Contents/Home/jre/lib/libjava.dylib
0x00000001078a1000 	/Library/Java/JavaVirtualMachines/jdk1.8.0_40.jdk/Contents/Home/jre/lib/libjdwp.dylib
0x00000001057e3000 	/Library/Java/JavaVirtualMachines/jdk1.8.0_40.jdk/Contents/Home/jre/lib/libnpt.dylib
0x00000001057f0000 	/Library/Java/JavaVirtualMachines/jdk1.8.0_40.jdk/Contents/Home/jre/lib/libzip.dylib
0x000000011e9ef000 	/System/Library/Frameworks/JavaVM.framework/Frameworks/JavaRuntimeSupport.framework/JavaRuntimeSupport
0x000000011ea07000 	/System/Library/Frameworks/JavaVM.framework/Versions/A/Frameworks/JavaNativeFoundation.framework/Versions/A/JavaNativeFoundation
0x000000011ea1c000 	/System/Library/Frameworks/JavaVM.framework/Versions/A/JavaVM
0x00000000006e0000 	/System/Library/Frameworks/Carbon.framework/Versions/A/Carbon
0x000000011ea29000 	/System/Library/PrivateFrameworks/JavaLaunching.framework/Versions/A/JavaLaunching
0x00000000006e0000 	/System/Library/Frameworks/Carbon.framework/Versions/A/Frameworks/CommonPanels.framework/Versions/A/CommonPanels
0x00000000006e0000 	/System/Library/Frameworks/Carbon.framework/Versions/A/Frameworks/Help.framework/Versions/A/Help
0x00000000006e0000 	/System/Library/Frameworks/Carbon.framework/Versions/A/Frameworks/ImageCapture.framework/Versions/A/ImageCapture
0x00000000006e0000 	/System/Library/Frameworks/Carbon.framework/Versions/A/Frameworks/OpenScripting.framework/Versions/A/OpenScripting
0x00000000006e0000 	/System/Library/Frameworks/Carbon.framework/Versions/A/Frameworks/Print.framework/Versions/A/Print
0x00000000006e0000 	/System/Library/Frameworks/Carbon.framework/Versions/A/Frameworks/SecurityHI.framework/Versions/A/SecurityHI
0x0000000120410000 	/Library/Java/JavaVirtualMachines/jdk1.8.0_40.jdk/Contents/Home/jre/lib/libdt_socket.dylib
0x0000000120f86000 	/Library/Java/JavaVirtualMachines/jdk1.8.0_40.jdk/Contents/Home/jre/lib/libnet.dylib
0x0000000120f9d000 	/Library/Java/JavaVirtualMachines/jdk1.8.0_40.jdk/Contents/Home/jre/lib/libnio.dylib
0x0000000121030000 	/Library/Java/JavaVirtualMachines/jdk1.8.0_40.jdk/Contents/Home/jre/lib/libmanagement.dylib

VM Arguments:
jvm_args: -agentlib:jdwp=transport=dt_socket,address=127.0.0.1:60262,suspend=y,server=n -Dmaven.home=/Applications/IntelliJ IDEA 14.app/Contents/plugins/maven/lib/maven3 -Dclassworlds.conf=/Applications/IntelliJ IDEA 14.app/Contents/plugins/maven/lib/maven3/bin/m2.conf -Dfile.encoding=UTF-8 
java_command: org.codehaus.classworlds.Launcher -Didea.version=14.1.3 clean jetty:run
java_class_path (initial): /Applications/IntelliJ IDEA 14.app/Contents/plugins/maven/lib/maven3/boot/plexus-classworlds-2.4.jar:/Applications/IntelliJ IDEA 14.app/Contents/lib/idea_rt.jar
Launcher Type: SUN_STANDARD

Environment Variables:
PATH=/usr/local/bin:/usr/bin:/bin:/usr/sbin:/sbin
SHELL=/usr/local/bin/fish

Signal Handlers:
SIGSEGV: [libjvm.dylib+0x58ef95], sa_mask[0]=11111111011111110111111111111111, sa_flags=SA_ONSTACK|SA_RESTART|SA_SIGINFO
SIGBUS: [libjvm.dylib+0x58ef95], sa_mask[0]=11111111011111110111111111111111, sa_flags=SA_RESTART|SA_SIGINFO
SIGFPE: [libjvm.dylib+0x46c118], sa_mask[0]=11111111011111110111111111111111, sa_flags=SA_RESTART|SA_SIGINFO
SIGPIPE: [libjvm.dylib+0x46c118], sa_mask[0]=11111111011111110111111111111111, sa_flags=SA_RESTART|SA_SIGINFO
SIGXFSZ: [libjvm.dylib+0x46c118], sa_mask[0]=11111111011111110111111111111111, sa_flags=SA_RESTART|SA_SIGINFO
SIGILL: [libjvm.dylib+0x46c118], sa_mask[0]=11111111011111110111111111111111, sa_flags=SA_RESTART|SA_SIGINFO
SIGUSR1: SIG_DFL, sa_mask[0]=00000000000000000000000000000000, sa_flags=none
SIGUSR2: [libjvm.dylib+0x46bc36], sa_mask[0]=00100000000000000000000000000000, sa_flags=SA_RESTART|SA_SIGINFO
SIGHUP: [libjvm.dylib+0x46a209], sa_mask[0]=11111111011111110111111111111111, sa_flags=SA_RESTART|SA_SIGINFO
SIGINT: [libjvm.dylib+0x46a209], sa_mask[0]=11111111011111110111111111111111, sa_flags=SA_RESTART|SA_SIGINFO
SIGTERM: [libjvm.dylib+0x46a209], sa_mask[0]=11111111011111110111111111111111, sa_flags=SA_RESTART|SA_SIGINFO
SIGQUIT: [libjvm.dylib+0x46a209], sa_mask[0]=11111111011111110111111111111111, sa_flags=SA_RESTART|SA_SIGINFO


---------------  S Y S T E M  ---------------

OS:Bsduname:Darwin 14.4.0 Darwin Kernel Version 14.4.0: Tue May  5 14:17:52 PDT 2015; root:xnu-2782.30.4~3/RELEASE_X86_64 x86_64
rlimit: STACK 8192k, CORE 0k, NPROC 709, NOFILE 10240, AS infinity
load average:4.17 3.21 2.89

CPU:total 8 (4 cores per cpu, 2 threads per core) family 6 model 58 stepping 9, cmov, cx8, fxsr, mmx, sse, sse2, sse3, ssse3, sse4.1, sse4.2, popcnt, avx, aes, clmul, erms, ht, tsc, tscinvbit, tscinv

Memory: 4k page, physical 8388608k(26184k free)

/proc/meminfo:


vm_info: Java HotSpot(TM) 64-Bit Server VM (25.40-b25) for bsd-amd64 JRE (1.8.0_40-b25), built on Feb 10 2015 21:07:25 by "java_re" with gcc 4.2.1 (Based on Apple Inc. build 5658) (LLVM build 2336.11.00)

time: Fri May 22 12:01:52 2015
elapsed time: 11521 seconds (0d 3h 12m 1s)

